[0.008s] Invoking command in '/home/andy/teleOp/telegrip/build/mega_robot_1st_moveit_config': CMAKE_PREFIX_PATH=/home/andy/teleOp/telegrip/install/mega_robot_1st_urdf:/home/andy/teleOp/telegrip/install/mega_robot_1st_moveit_config:/home/andy/ros2_ws/install/my_robot_bringup:/home/andy/ros2_ws/install/my_robot_moveit_config:/home/andy/ros2_ws/install/my_robot_commander_cpp:/home/andy/ros2_ws/install/my_robot_interfaces:/home/andy/ros2_ws/install/my_robot_description:/home/andy/ros2_ws/src/install/my_robot_commander_cpp:/opt/ros/humble CONDA_PROMPT_MODIFIER=(teleop) /usr/bin/cmake --build /home/andy/teleOp/telegrip/build/mega_robot_1st_moveit_config -- -j32 -l32
[0.039s] Invoked command in '/home/andy/teleOp/telegrip/build/mega_robot_1st_moveit_config' returned '0': CMAKE_PREFIX_PATH=/home/andy/teleOp/telegrip/install/mega_robot_1st_urdf:/home/andy/teleOp/telegrip/install/mega_robot_1st_moveit_config:/home/andy/ros2_ws/install/my_robot_bringup:/home/andy/ros2_ws/install/my_robot_moveit_config:/home/andy/ros2_ws/install/my_robot_commander_cpp:/home/andy/ros2_ws/install/my_robot_interfaces:/home/andy/ros2_ws/install/my_robot_description:/home/andy/ros2_ws/src/install/my_robot_commander_cpp:/opt/ros/humble CONDA_PROMPT_MODIFIER=(teleop) /usr/bin/cmake --build /home/andy/teleOp/telegrip/build/mega_robot_1st_moveit_config -- -j32 -l32
[0.040s] Invoking command in '/home/andy/teleOp/telegrip/build/mega_robot_1st_moveit_config': CMAKE_PREFIX_PATH=/home/andy/teleOp/telegrip/install/mega_robot_1st_urdf:/home/andy/teleOp/telegrip/install/mega_robot_1st_moveit_config:/home/andy/ros2_ws/install/my_robot_bringup:/home/andy/ros2_ws/install/my_robot_moveit_config:/home/andy/ros2_ws/install/my_robot_commander_cpp:/home/andy/ros2_ws/install/my_robot_interfaces:/home/andy/ros2_ws/install/my_robot_description:/home/andy/ros2_ws/src/install/my_robot_commander_cpp:/opt/ros/humble CONDA_PROMPT_MODIFIER=(teleop) /usr/bin/cmake --install /home/andy/teleOp/telegrip/build/mega_robot_1st_moveit_config
[0.046s] -- Install configuration: ""
[0.046s] -- Execute custom install script
[0.046s] -- Up-to-date symlink: /home/andy/teleOp/telegrip/install/mega_robot_1st_moveit_config/share/mega_robot_1st_moveit_config/config/joint_limits.yaml
[0.046s] -- Up-to-date symlink: /home/andy/teleOp/telegrip/install/mega_robot_1st_moveit_config/share/mega_robot_1st_moveit_config/config/kinematics.yaml
[0.046s] -- Up-to-date symlink: /home/andy/teleOp/telegrip/install/mega_robot_1st_moveit_config/share/mega_robot_1st_moveit_config/config/moveit_controllers.yaml
[0.046s] -- Up-to-date symlink: /home/andy/teleOp/telegrip/install/mega_robot_1st_moveit_config/share/mega_robot_1st_moveit_config/config/ompl_planning.yaml
[0.047s] -- Up-to-date symlink: /home/andy/teleOp/telegrip/install/mega_robot_1st_moveit_config/share/mega_robot_1st_moveit_config/config/vr_to_moveit_bridge.yaml
[0.047s] -- Up-to-date symlink: /home/andy/teleOp/telegrip/install/mega_robot_1st_moveit_config/share/mega_robot_1st_moveit_config/launch/__pycache__/moveit_rviz.launch.cpython-310.pyc
[0.047s] -- Symlinking: /home/andy/teleOp/telegrip/install/mega_robot_1st_moveit_config/share/mega_robot_1st_moveit_config/launch/__pycache__/teleop_dual_arm.launch.cpython-310.pyc
[0.055s] -- Up-to-date symlink: /home/andy/teleOp/telegrip/install/mega_robot_1st_moveit_config/share/mega_robot_1st_moveit_config/launch/moveit_rviz.launch.py
[0.055s] -- Up-to-date symlink: /home/andy/teleOp/telegrip/install/mega_robot_1st_moveit_config/share/mega_robot_1st_moveit_config/launch/teleop_dual_arm.launch.py
[0.056s] -- Up-to-date symlink: /home/andy/teleOp/telegrip/install/mega_robot_1st_moveit_config/share/mega_robot_1st_moveit_config/rviz/mega_robot_dual_arm.rviz
[0.056s] -- Up-to-date symlink: /home/andy/teleOp/telegrip/install/mega_robot_1st_moveit_config/share/mega_robot_1st_moveit_config/srdf/mega_robot_1st.srdf
[0.056s] -- Up-to-date symlink: /home/andy/teleOp/telegrip/install/mega_robot_1st_moveit_config/share/mega_robot_1st_moveit_config/urdf/whole_robot_moveit_display.urdf
[0.056s] -- Up-to-date symlink: /home/andy/teleOp/telegrip/install/mega_robot_1st_moveit_config/share/ament_index/resource_index/package_run_dependencies/mega_robot_1st_moveit_config
[0.057s] -- Up-to-date symlink: /home/andy/teleOp/telegrip/install/mega_robot_1st_moveit_config/share/ament_index/resource_index/parent_prefix_path/mega_robot_1st_moveit_config
[0.057s] -- Up-to-date symlink: /home/andy/teleOp/telegrip/install/mega_robot_1st_moveit_config/share/mega_robot_1st_moveit_config/environment/ament_prefix_path.sh
[0.057s] -- Up-to-date symlink: /home/andy/teleOp/telegrip/install/mega_robot_1st_moveit_config/share/mega_robot_1st_moveit_config/environment/ament_prefix_path.dsv
[0.057s] -- Up-to-date symlink: /home/andy/teleOp/telegrip/install/mega_robot_1st_moveit_config/share/mega_robot_1st_moveit_config/environment/path.sh
[0.057s] -- Up-to-date symlink: /home/andy/teleOp/telegrip/install/mega_robot_1st_moveit_config/share/mega_robot_1st_moveit_config/environment/path.dsv
[0.057s] -- Up-to-date symlink: /home/andy/teleOp/telegrip/install/mega_robot_1st_moveit_config/share/mega_robot_1st_moveit_config/local_setup.bash
[0.057s] -- Up-to-date symlink: /home/andy/teleOp/telegrip/install/mega_robot_1st_moveit_config/share/mega_robot_1st_moveit_config/local_setup.sh
[0.058s] -- Up-to-date symlink: /home/andy/teleOp/telegrip/install/mega_robot_1st_moveit_config/share/mega_robot_1st_moveit_config/local_setup.zsh
[0.058s] -- Up-to-date symlink: /home/andy/teleOp/telegrip/install/mega_robot_1st_moveit_config/share/mega_robot_1st_moveit_config/local_setup.dsv
[0.058s] -- Symlinking: /home/andy/teleOp/telegrip/install/mega_robot_1st_moveit_config/share/mega_robot_1st_moveit_config/package.dsv
[0.069s] -- Up-to-date symlink: /home/andy/teleOp/telegrip/install/mega_robot_1st_moveit_config/share/ament_index/resource_index/packages/mega_robot_1st_moveit_config
[0.069s] -- Up-to-date symlink: /home/andy/teleOp/telegrip/install/mega_robot_1st_moveit_config/share/mega_robot_1st_moveit_config/cmake/mega_robot_1st_moveit_configConfig.cmake
[0.069s] -- Up-to-date symlink: /home/andy/teleOp/telegrip/install/mega_robot_1st_moveit_config/share/mega_robot_1st_moveit_config/cmake/mega_robot_1st_moveit_configConfig-version.cmake
[0.070s] -- Up-to-date symlink: /home/andy/teleOp/telegrip/install/mega_robot_1st_moveit_config/share/mega_robot_1st_moveit_config/package.xml
[0.072s] Invoked command in '/home/andy/teleOp/telegrip/build/mega_robot_1st_moveit_config' returned '0': CMAKE_PREFIX_PATH=/home/andy/teleOp/telegrip/install/mega_robot_1st_urdf:/home/andy/teleOp/telegrip/install/mega_robot_1st_moveit_config:/home/andy/ros2_ws/install/my_robot_bringup:/home/andy/ros2_ws/install/my_robot_moveit_config:/home/andy/ros2_ws/install/my_robot_commander_cpp:/home/andy/ros2_ws/install/my_robot_interfaces:/home/andy/ros2_ws/install/my_robot_description:/home/andy/ros2_ws/src/install/my_robot_commander_cpp:/opt/ros/humble CONDA_PROMPT_MODIFIER=(teleop) /usr/bin/cmake --install /home/andy/teleOp/telegrip/build/mega_robot_1st_moveit_config
