[0.006s] Invoking command in '/home/andy/teleOp/telegrip/build/mega_robot_1st_moveit_config': AMENT_PREFIX_PATH=/home/andy/teleOp/telegrip/install/mega_robot_1st_urdf:${AMENT_PREFIX_PATH} CMAKE_PREFIX_PATH=/home/andy/teleOp/telegrip/install/mega_robot_1st_urdf:${CMAKE_PREFIX_PATH} /usr/bin/cmake /home/andy/teleOp/telegrip/URDF/mega_robot_1st_moveit_config -DCMAKE_INSTALL_PREFIX=/home/andy/teleOp/telegrip/install/mega_robot_1st_moveit_config
[0.017s] -- Found ament_cmake: 1.3.12 (/opt/ros/humble/share/ament_cmake/cmake)
[0.108s] -- Override CMake install command with custom implementation using symlinks instead of copying resources
[0.113s] -- Found ament_lint_auto: 0.12.14 (/opt/ros/humble/share/ament_lint_auto/cmake)
[0.164s] -- Added test 'copyright' to check source files copyright and LICENSE
[0.166s] -- Added test 'flake8' to check Python code syntax and style conventions
[0.166s] -- Added test 'lint_cmake' to check CMake code style
[0.166s] -- Added test 'pep257' to check Python code against some of the docstring style conventions in PEP 257
[0.167s] -- Added test 'xmllint' to check XML markup files
[0.168s] -- Configuring done
[0.170s] -- Generating done
[0.171s] -- Build files have been written to: /home/andy/teleOp/telegrip/build/mega_robot_1st_moveit_config
[0.174s] Invoked command in '/home/andy/teleOp/telegrip/build/mega_robot_1st_moveit_config' returned '0': AMENT_PREFIX_PATH=/home/andy/teleOp/telegrip/install/mega_robot_1st_urdf:${AMENT_PREFIX_PATH} CMAKE_PREFIX_PATH=/home/andy/teleOp/telegrip/install/mega_robot_1st_urdf:${CMAKE_PREFIX_PATH} /usr/bin/cmake /home/andy/teleOp/telegrip/URDF/mega_robot_1st_moveit_config -DCMAKE_INSTALL_PREFIX=/home/andy/teleOp/telegrip/install/mega_robot_1st_moveit_config
[0.176s] Invoking command in '/home/andy/teleOp/telegrip/build/mega_robot_1st_moveit_config': AMENT_PREFIX_PATH=/home/andy/teleOp/telegrip/install/mega_robot_1st_urdf:${AMENT_PREFIX_PATH} CMAKE_PREFIX_PATH=/home/andy/teleOp/telegrip/install/mega_robot_1st_urdf:${CMAKE_PREFIX_PATH} /usr/bin/cmake --build /home/andy/teleOp/telegrip/build/mega_robot_1st_moveit_config -- -j32 -l32
[0.214s] Invoked command in '/home/andy/teleOp/telegrip/build/mega_robot_1st_moveit_config' returned '0': AMENT_PREFIX_PATH=/home/andy/teleOp/telegrip/install/mega_robot_1st_urdf:${AMENT_PREFIX_PATH} CMAKE_PREFIX_PATH=/home/andy/teleOp/telegrip/install/mega_robot_1st_urdf:${CMAKE_PREFIX_PATH} /usr/bin/cmake --build /home/andy/teleOp/telegrip/build/mega_robot_1st_moveit_config -- -j32 -l32
[0.217s] Invoking command in '/home/andy/teleOp/telegrip/build/mega_robot_1st_moveit_config': AMENT_PREFIX_PATH=/home/andy/teleOp/telegrip/install/mega_robot_1st_urdf:${AMENT_PREFIX_PATH} CMAKE_PREFIX_PATH=/home/andy/teleOp/telegrip/install/mega_robot_1st_urdf:${CMAKE_PREFIX_PATH} /usr/bin/cmake --install /home/andy/teleOp/telegrip/build/mega_robot_1st_moveit_config
[0.221s] -- Install configuration: ""
[0.221s] -- Execute custom install script
[0.221s] -- Up-to-date symlink: /home/andy/teleOp/telegrip/install/mega_robot_1st_moveit_config/share/mega_robot_1st_moveit_config/config/joint_limits.yaml
[0.221s] -- Up-to-date symlink: /home/andy/teleOp/telegrip/install/mega_robot_1st_moveit_config/share/mega_robot_1st_moveit_config/config/kinematics.yaml
[0.221s] -- Up-to-date symlink: /home/andy/teleOp/telegrip/install/mega_robot_1st_moveit_config/share/mega_robot_1st_moveit_config/config/moveit_controllers.yaml
[0.222s] -- Up-to-date symlink: /home/andy/teleOp/telegrip/install/mega_robot_1st_moveit_config/share/mega_robot_1st_moveit_config/config/ompl_planning.yaml
[0.222s] -- Up-to-date symlink: /home/andy/teleOp/telegrip/install/mega_robot_1st_moveit_config/share/mega_robot_1st_moveit_config/config/vr_to_moveit_bridge.yaml
[0.222s] -- Up-to-date symlink: /home/andy/teleOp/telegrip/install/mega_robot_1st_moveit_config/share/mega_robot_1st_moveit_config/launch/__pycache__/moveit_rviz.launch.cpython-310.pyc
[0.222s] -- Symlinking: /home/andy/teleOp/telegrip/install/mega_robot_1st_moveit_config/share/mega_robot_1st_moveit_config/launch/__pycache__/teleop_dual_arm.launch.cpython-310.pyc
[0.228s] -- Up-to-date symlink: /home/andy/teleOp/telegrip/install/mega_robot_1st_moveit_config/share/mega_robot_1st_moveit_config/launch/moveit_rviz.launch.py
[0.229s] -- Up-to-date symlink: /home/andy/teleOp/telegrip/install/mega_robot_1st_moveit_config/share/mega_robot_1st_moveit_config/launch/teleop_dual_arm.launch.py
[0.229s] -- Up-to-date symlink: /home/andy/teleOp/telegrip/install/mega_robot_1st_moveit_config/share/mega_robot_1st_moveit_config/rviz/mega_robot_dual_arm.rviz
[0.229s] -- Up-to-date symlink: /home/andy/teleOp/telegrip/install/mega_robot_1st_moveit_config/share/mega_robot_1st_moveit_config/srdf/mega_robot_1st.srdf
[0.229s] -- Up-to-date symlink: /home/andy/teleOp/telegrip/install/mega_robot_1st_moveit_config/share/mega_robot_1st_moveit_config/urdf/whole_robot_moveit_display.urdf
[0.229s] -- Up-to-date symlink: /home/andy/teleOp/telegrip/install/mega_robot_1st_moveit_config/share/ament_index/resource_index/package_run_dependencies/mega_robot_1st_moveit_config
[0.229s] -- Up-to-date symlink: /home/andy/teleOp/telegrip/install/mega_robot_1st_moveit_config/share/ament_index/resource_index/parent_prefix_path/mega_robot_1st_moveit_config
[0.229s] -- Up-to-date symlink: /home/andy/teleOp/telegrip/install/mega_robot_1st_moveit_config/share/mega_robot_1st_moveit_config/environment/ament_prefix_path.sh
[0.229s] -- Up-to-date symlink: /home/andy/teleOp/telegrip/install/mega_robot_1st_moveit_config/share/mega_robot_1st_moveit_config/environment/ament_prefix_path.dsv
[0.229s] -- Up-to-date symlink: /home/andy/teleOp/telegrip/install/mega_robot_1st_moveit_config/share/mega_robot_1st_moveit_config/environment/path.sh
[0.229s] -- Up-to-date symlink: /home/andy/teleOp/telegrip/install/mega_robot_1st_moveit_config/share/mega_robot_1st_moveit_config/environment/path.dsv
[0.229s] -- Up-to-date symlink: /home/andy/teleOp/telegrip/install/mega_robot_1st_moveit_config/share/mega_robot_1st_moveit_config/local_setup.bash
[0.229s] -- Up-to-date symlink: /home/andy/teleOp/telegrip/install/mega_robot_1st_moveit_config/share/mega_robot_1st_moveit_config/local_setup.sh
[0.229s] -- Up-to-date symlink: /home/andy/teleOp/telegrip/install/mega_robot_1st_moveit_config/share/mega_robot_1st_moveit_config/local_setup.zsh
[0.230s] -- Up-to-date symlink: /home/andy/teleOp/telegrip/install/mega_robot_1st_moveit_config/share/mega_robot_1st_moveit_config/local_setup.dsv
[0.230s] -- Symlinking: /home/andy/teleOp/telegrip/install/mega_robot_1st_moveit_config/share/mega_robot_1st_moveit_config/package.dsv
[0.236s] -- Up-to-date symlink: /home/andy/teleOp/telegrip/install/mega_robot_1st_moveit_config/share/ament_index/resource_index/packages/mega_robot_1st_moveit_config
[0.236s] -- Up-to-date symlink: /home/andy/teleOp/telegrip/install/mega_robot_1st_moveit_config/share/mega_robot_1st_moveit_config/cmake/mega_robot_1st_moveit_configConfig.cmake
[0.237s] -- Up-to-date symlink: /home/andy/teleOp/telegrip/install/mega_robot_1st_moveit_config/share/mega_robot_1st_moveit_config/cmake/mega_robot_1st_moveit_configConfig-version.cmake
[0.237s] -- Up-to-date symlink: /home/andy/teleOp/telegrip/install/mega_robot_1st_moveit_config/share/mega_robot_1st_moveit_config/package.xml
[0.239s] Invoked command in '/home/andy/teleOp/telegrip/build/mega_robot_1st_moveit_config' returned '0': AMENT_PREFIX_PATH=/home/andy/teleOp/telegrip/install/mega_robot_1st_urdf:${AMENT_PREFIX_PATH} CMAKE_PREFIX_PATH=/home/andy/teleOp/telegrip/install/mega_robot_1st_urdf:${CMAKE_PREFIX_PATH} /usr/bin/cmake --install /home/andy/teleOp/telegrip/build/mega_robot_1st_moveit_config
