[0.074s] DEBUG:colcon:Command line arguments: ['/usr/bin/colcon', 'build', '--symlink-install', '--packages-select', 'mega_robot_1st_urdf', 'mega_robot_1st_moveit_config']
[0.074s] DEBUG:colcon:Parsed command line arguments: Namespace(log_base=None, log_level=None, verb_name='build', build_base='build', install_base='install', merge_install=False, symlink_install=True, test_result_base=None, continue_on_error=False, executor='parallel', parallel_workers=32, event_handlers=None, ignore_user_meta=False, metas=['./colcon.meta'], base_paths=['.'], packages_ignore=None, packages_ignore_regex=None, paths=None, packages_up_to=None, packages_up_to_regex=None, packages_above=None, packages_above_and_dependencies=None, packages_above_depth=None, packages_select_by_dep=None, packages_skip_by_dep=None, packages_skip_up_to=None, packages_select_build_failed=False, packages_skip_build_finished=False, packages_select_test_failures=False, packages_skip_test_passed=False, packages_select=['mega_robot_1st_urdf', 'mega_robot_1st_moveit_config'], packages_skip=None, packages_select_regex=None, packages_skip_regex=None, packages_start=None, packages_end=None, allow_overriding=[], cmake_args=None, cmake_target=None, cmake_target_skip_unavailable=False, cmake_clean_cache=False, cmake_clean_first=False, cmake_force_configure=False, ament_cmake_args=None, catkin_cmake_args=None, catkin_skip_building_tests=False, mixin_files=None, mixin=None, verb_parser=<colcon_mixin.mixin.mixin_argument.MixinArgumentDecorator object at 0x7a5454aa0340>, verb_extension=<colcon_core.verb.build.BuildVerb object at 0x7a5454a6bdf0>, main=<bound method BuildVerb.main of <colcon_core.verb.build.BuildVerb object at 0x7a5454a6bdf0>>, mixin_verb=('build',))
[0.194s] Level 1:colcon.colcon_core.package_discovery:discover_packages(colcon_meta) check parameters
[0.194s] Level 1:colcon.colcon_core.package_discovery:discover_packages(recursive) check parameters
[0.194s] Level 1:colcon.colcon_core.package_discovery:discover_packages(ignore) check parameters
[0.194s] Level 1:colcon.colcon_core.package_discovery:discover_packages(path) check parameters
[0.194s] Level 1:colcon.colcon_core.package_discovery:discover_packages(colcon_meta) discover
[0.194s] Level 1:colcon.colcon_core.package_discovery:discover_packages(recursive) discover
[0.194s] INFO:colcon.colcon_core.package_discovery:Crawling recursively for packages in '/home/andy/teleOp/telegrip'
[0.194s] Level 1:colcon.colcon_core.package_identification:_identify(.) by extensions ['ignore', 'ignore_ament_install']
[0.194s] Level 1:colcon.colcon_core.package_identification:_identify(.) by extension 'ignore'
[0.194s] Level 1:colcon.colcon_core.package_identification:_identify(.) by extension 'ignore_ament_install'
[0.194s] Level 1:colcon.colcon_core.package_identification:_identify(.) by extensions ['colcon_pkg']
[0.194s] Level 1:colcon.colcon_core.package_identification:_identify(.) by extension 'colcon_pkg'
[0.194s] Level 1:colcon.colcon_core.package_identification:_identify(.) by extensions ['colcon_meta']
[0.194s] Level 1:colcon.colcon_core.package_identification:_identify(.) by extension 'colcon_meta'
[0.194s] Level 1:colcon.colcon_core.package_identification:_identify(.) by extensions ['ros']
[0.194s] Level 1:colcon.colcon_core.package_identification:_identify(.) by extension 'ros'
[0.206s] Level 1:colcon.colcon_core.package_identification:_identify(.) by extensions ['cmake', 'python']
[0.206s] Level 1:colcon.colcon_core.package_identification:_identify(.) by extension 'cmake'
[0.206s] Level 1:colcon.colcon_core.package_identification:_identify(.) by extension 'python'
[0.206s] Level 1:colcon.colcon_core.package_identification:_identify(.) by extensions ['python_setup_py']
[0.206s] Level 1:colcon.colcon_core.package_identification:_identify(.) by extension 'python_setup_py'
[0.206s] Level 1:colcon.colcon_core.package_identification:_identify(URDF) by extensions ['ignore', 'ignore_ament_install']
[0.206s] Level 1:colcon.colcon_core.package_identification:_identify(URDF) by extension 'ignore'
[0.206s] Level 1:colcon.colcon_core.package_identification:_identify(URDF) by extension 'ignore_ament_install'
[0.206s] Level 1:colcon.colcon_core.package_identification:_identify(URDF) by extensions ['colcon_pkg']
[0.206s] Level 1:colcon.colcon_core.package_identification:_identify(URDF) by extension 'colcon_pkg'
[0.206s] Level 1:colcon.colcon_core.package_identification:_identify(URDF) by extensions ['colcon_meta']
[0.206s] Level 1:colcon.colcon_core.package_identification:_identify(URDF) by extension 'colcon_meta'
[0.206s] Level 1:colcon.colcon_core.package_identification:_identify(URDF) by extensions ['ros']
[0.206s] Level 1:colcon.colcon_core.package_identification:_identify(URDF) by extension 'ros'
[0.206s] Level 1:colcon.colcon_core.package_identification:_identify(URDF) by extensions ['cmake', 'python']
[0.206s] Level 1:colcon.colcon_core.package_identification:_identify(URDF) by extension 'cmake'
[0.206s] Level 1:colcon.colcon_core.package_identification:_identify(URDF) by extension 'python'
[0.206s] Level 1:colcon.colcon_core.package_identification:_identify(URDF) by extensions ['python_setup_py']
[0.206s] Level 1:colcon.colcon_core.package_identification:_identify(URDF) by extension 'python_setup_py'
[0.206s] Level 1:colcon.colcon_core.package_identification:_identify(URDF/SO100) by extensions ['ignore', 'ignore_ament_install']
[0.206s] Level 1:colcon.colcon_core.package_identification:_identify(URDF/SO100) by extension 'ignore'
[0.206s] Level 1:colcon.colcon_core.package_identification:_identify(URDF/SO100) by extension 'ignore_ament_install'
[0.206s] Level 1:colcon.colcon_core.package_identification:_identify(URDF/SO100) by extensions ['colcon_pkg']
[0.206s] Level 1:colcon.colcon_core.package_identification:_identify(URDF/SO100) by extension 'colcon_pkg'
[0.206s] Level 1:colcon.colcon_core.package_identification:_identify(URDF/SO100) by extensions ['colcon_meta']
[0.206s] Level 1:colcon.colcon_core.package_identification:_identify(URDF/SO100) by extension 'colcon_meta'
[0.207s] Level 1:colcon.colcon_core.package_identification:_identify(URDF/SO100) by extensions ['ros']
[0.207s] Level 1:colcon.colcon_core.package_identification:_identify(URDF/SO100) by extension 'ros'
[0.207s] Level 1:colcon.colcon_core.package_identification:_identify(URDF/SO100) by extensions ['cmake', 'python']
[0.207s] Level 1:colcon.colcon_core.package_identification:_identify(URDF/SO100) by extension 'cmake'
[0.207s] Level 1:colcon.colcon_core.package_identification:_identify(URDF/SO100) by extension 'python'
[0.207s] Level 1:colcon.colcon_core.package_identification:_identify(URDF/SO100) by extensions ['python_setup_py']
[0.207s] Level 1:colcon.colcon_core.package_identification:_identify(URDF/SO100) by extension 'python_setup_py'
[0.207s] Level 1:colcon.colcon_core.package_identification:_identify(URDF/SO100/assets) by extensions ['ignore', 'ignore_ament_install']
[0.207s] Level 1:colcon.colcon_core.package_identification:_identify(URDF/SO100/assets) by extension 'ignore'
[0.207s] Level 1:colcon.colcon_core.package_identification:_identify(URDF/SO100/assets) by extension 'ignore_ament_install'
[0.207s] Level 1:colcon.colcon_core.package_identification:_identify(URDF/SO100/assets) by extensions ['colcon_pkg']
[0.207s] Level 1:colcon.colcon_core.package_identification:_identify(URDF/SO100/assets) by extension 'colcon_pkg'
[0.207s] Level 1:colcon.colcon_core.package_identification:_identify(URDF/SO100/assets) by extensions ['colcon_meta']
[0.207s] Level 1:colcon.colcon_core.package_identification:_identify(URDF/SO100/assets) by extension 'colcon_meta'
[0.207s] Level 1:colcon.colcon_core.package_identification:_identify(URDF/SO100/assets) by extensions ['ros']
[0.207s] Level 1:colcon.colcon_core.package_identification:_identify(URDF/SO100/assets) by extension 'ros'
[0.207s] Level 1:colcon.colcon_core.package_identification:_identify(URDF/SO100/assets) by extensions ['cmake', 'python']
[0.207s] Level 1:colcon.colcon_core.package_identification:_identify(URDF/SO100/assets) by extension 'cmake'
[0.207s] Level 1:colcon.colcon_core.package_identification:_identify(URDF/SO100/assets) by extension 'python'
[0.207s] Level 1:colcon.colcon_core.package_identification:_identify(URDF/SO100/assets) by extensions ['python_setup_py']
[0.207s] Level 1:colcon.colcon_core.package_identification:_identify(URDF/SO100/assets) by extension 'python_setup_py'
[0.207s] Level 1:colcon.colcon_core.package_identification:_identify(URDF/mega_robot_1st_moveit_config) by extensions ['ignore', 'ignore_ament_install']
[0.207s] Level 1:colcon.colcon_core.package_identification:_identify(URDF/mega_robot_1st_moveit_config) by extension 'ignore'
[0.207s] Level 1:colcon.colcon_core.package_identification:_identify(URDF/mega_robot_1st_moveit_config) by extension 'ignore_ament_install'
[0.207s] Level 1:colcon.colcon_core.package_identification:_identify(URDF/mega_robot_1st_moveit_config) by extensions ['colcon_pkg']
[0.207s] Level 1:colcon.colcon_core.package_identification:_identify(URDF/mega_robot_1st_moveit_config) by extension 'colcon_pkg'
[0.207s] Level 1:colcon.colcon_core.package_identification:_identify(URDF/mega_robot_1st_moveit_config) by extensions ['colcon_meta']
[0.207s] Level 1:colcon.colcon_core.package_identification:_identify(URDF/mega_robot_1st_moveit_config) by extension 'colcon_meta'
[0.207s] Level 1:colcon.colcon_core.package_identification:_identify(URDF/mega_robot_1st_moveit_config) by extensions ['ros']
[0.207s] Level 1:colcon.colcon_core.package_identification:_identify(URDF/mega_robot_1st_moveit_config) by extension 'ros'
[0.209s] DEBUG:colcon.colcon_core.package_identification:Package 'URDF/mega_robot_1st_moveit_config' with type 'ros.ament_cmake' and name 'mega_robot_1st_moveit_config'
[0.209s] Level 1:colcon.colcon_core.package_identification:_identify(URDF/mega_robot_1st_urdf) by extensions ['ignore', 'ignore_ament_install']
[0.209s] Level 1:colcon.colcon_core.package_identification:_identify(URDF/mega_robot_1st_urdf) by extension 'ignore'
[0.209s] Level 1:colcon.colcon_core.package_identification:_identify(URDF/mega_robot_1st_urdf) by extension 'ignore_ament_install'
[0.209s] Level 1:colcon.colcon_core.package_identification:_identify(URDF/mega_robot_1st_urdf) by extensions ['colcon_pkg']
[0.209s] Level 1:colcon.colcon_core.package_identification:_identify(URDF/mega_robot_1st_urdf) by extension 'colcon_pkg'
[0.210s] Level 1:colcon.colcon_core.package_identification:_identify(URDF/mega_robot_1st_urdf) by extensions ['colcon_meta']
[0.210s] Level 1:colcon.colcon_core.package_identification:_identify(URDF/mega_robot_1st_urdf) by extension 'colcon_meta'
[0.210s] Level 1:colcon.colcon_core.package_identification:_identify(URDF/mega_robot_1st_urdf) by extensions ['ros']
[0.210s] Level 1:colcon.colcon_core.package_identification:_identify(URDF/mega_robot_1st_urdf) by extension 'ros'
[0.210s] DEBUG:colcon.colcon_core.package_identification:Package 'URDF/mega_robot_1st_urdf' with type 'ros.ament_cmake' and name 'mega_robot_1st_urdf'
[0.210s] Level 1:colcon.colcon_core.package_identification:_identify(build) by extensions ['ignore', 'ignore_ament_install']
[0.210s] Level 1:colcon.colcon_core.package_identification:_identify(build) by extension 'ignore'
[0.210s] Level 1:colcon.colcon_core.package_identification:_identify(build) ignored
[0.210s] Level 1:colcon.colcon_core.package_identification:_identify(install) by extensions ['ignore', 'ignore_ament_install']
[0.210s] Level 1:colcon.colcon_core.package_identification:_identify(install) by extension 'ignore'
[0.210s] Level 1:colcon.colcon_core.package_identification:_identify(install) ignored
[0.210s] Level 1:colcon.colcon_core.package_identification:_identify(log) by extensions ['ignore', 'ignore_ament_install']
[0.210s] Level 1:colcon.colcon_core.package_identification:_identify(log) by extension 'ignore'
[0.211s] Level 1:colcon.colcon_core.package_identification:_identify(log) ignored
[0.211s] Level 1:colcon.colcon_core.package_identification:_identify(logs) by extensions ['ignore', 'ignore_ament_install']
[0.211s] Level 1:colcon.colcon_core.package_identification:_identify(logs) by extension 'ignore'
[0.211s] Level 1:colcon.colcon_core.package_identification:_identify(logs) by extension 'ignore_ament_install'
[0.211s] Level 1:colcon.colcon_core.package_identification:_identify(logs) by extensions ['colcon_pkg']
[0.211s] Level 1:colcon.colcon_core.package_identification:_identify(logs) by extension 'colcon_pkg'
[0.211s] Level 1:colcon.colcon_core.package_identification:_identify(logs) by extensions ['colcon_meta']
[0.211s] Level 1:colcon.colcon_core.package_identification:_identify(logs) by extension 'colcon_meta'
[0.211s] Level 1:colcon.colcon_core.package_identification:_identify(logs) by extensions ['ros']
[0.211s] Level 1:colcon.colcon_core.package_identification:_identify(logs) by extension 'ros'
[0.211s] Level 1:colcon.colcon_core.package_identification:_identify(logs) by extensions ['cmake', 'python']
[0.211s] Level 1:colcon.colcon_core.package_identification:_identify(logs) by extension 'cmake'
[0.211s] Level 1:colcon.colcon_core.package_identification:_identify(logs) by extension 'python'
[0.211s] Level 1:colcon.colcon_core.package_identification:_identify(logs) by extensions ['python_setup_py']
[0.211s] Level 1:colcon.colcon_core.package_identification:_identify(logs) by extension 'python_setup_py'
[0.211s] Level 1:colcon.colcon_core.package_identification:_identify(telegrip) by extensions ['ignore', 'ignore_ament_install']
[0.211s] Level 1:colcon.colcon_core.package_identification:_identify(telegrip) by extension 'ignore'
[0.211s] Level 1:colcon.colcon_core.package_identification:_identify(telegrip) by extension 'ignore_ament_install'
[0.211s] Level 1:colcon.colcon_core.package_identification:_identify(telegrip) by extensions ['colcon_pkg']
[0.211s] Level 1:colcon.colcon_core.package_identification:_identify(telegrip) by extension 'colcon_pkg'
[0.211s] Level 1:colcon.colcon_core.package_identification:_identify(telegrip) by extensions ['colcon_meta']
[0.211s] Level 1:colcon.colcon_core.package_identification:_identify(telegrip) by extension 'colcon_meta'
[0.211s] Level 1:colcon.colcon_core.package_identification:_identify(telegrip) by extensions ['ros']
[0.211s] Level 1:colcon.colcon_core.package_identification:_identify(telegrip) by extension 'ros'
[0.211s] Level 1:colcon.colcon_core.package_identification:_identify(telegrip) by extensions ['cmake', 'python']
[0.211s] Level 1:colcon.colcon_core.package_identification:_identify(telegrip) by extension 'cmake'
[0.211s] Level 1:colcon.colcon_core.package_identification:_identify(telegrip) by extension 'python'
[0.211s] Level 1:colcon.colcon_core.package_identification:_identify(telegrip) by extensions ['python_setup_py']
[0.211s] Level 1:colcon.colcon_core.package_identification:_identify(telegrip) by extension 'python_setup_py'
[0.211s] Level 1:colcon.colcon_core.package_identification:_identify(telegrip/__pycache__) by extensions ['ignore', 'ignore_ament_install']
[0.211s] Level 1:colcon.colcon_core.package_identification:_identify(telegrip/__pycache__) by extension 'ignore'
[0.211s] Level 1:colcon.colcon_core.package_identification:_identify(telegrip/__pycache__) by extension 'ignore_ament_install'
[0.211s] Level 1:colcon.colcon_core.package_identification:_identify(telegrip/__pycache__) by extensions ['colcon_pkg']
[0.211s] Level 1:colcon.colcon_core.package_identification:_identify(telegrip/__pycache__) by extension 'colcon_pkg'
[0.211s] Level 1:colcon.colcon_core.package_identification:_identify(telegrip/__pycache__) by extensions ['colcon_meta']
[0.211s] Level 1:colcon.colcon_core.package_identification:_identify(telegrip/__pycache__) by extension 'colcon_meta'
[0.211s] Level 1:colcon.colcon_core.package_identification:_identify(telegrip/__pycache__) by extensions ['ros']
[0.211s] Level 1:colcon.colcon_core.package_identification:_identify(telegrip/__pycache__) by extension 'ros'
[0.212s] Level 1:colcon.colcon_core.package_identification:_identify(telegrip/__pycache__) by extensions ['cmake', 'python']
[0.212s] Level 1:colcon.colcon_core.package_identification:_identify(telegrip/__pycache__) by extension 'cmake'
[0.212s] Level 1:colcon.colcon_core.package_identification:_identify(telegrip/__pycache__) by extension 'python'
[0.212s] Level 1:colcon.colcon_core.package_identification:_identify(telegrip/__pycache__) by extensions ['python_setup_py']
[0.212s] Level 1:colcon.colcon_core.package_identification:_identify(telegrip/__pycache__) by extension 'python_setup_py'
[0.212s] Level 1:colcon.colcon_core.package_identification:_identify(telegrip/core) by extensions ['ignore', 'ignore_ament_install']
[0.212s] Level 1:colcon.colcon_core.package_identification:_identify(telegrip/core) by extension 'ignore'
[0.212s] Level 1:colcon.colcon_core.package_identification:_identify(telegrip/core) by extension 'ignore_ament_install'
[0.212s] Level 1:colcon.colcon_core.package_identification:_identify(telegrip/core) by extensions ['colcon_pkg']
[0.212s] Level 1:colcon.colcon_core.package_identification:_identify(telegrip/core) by extension 'colcon_pkg'
[0.212s] Level 1:colcon.colcon_core.package_identification:_identify(telegrip/core) by extensions ['colcon_meta']
[0.212s] Level 1:colcon.colcon_core.package_identification:_identify(telegrip/core) by extension 'colcon_meta'
[0.212s] Level 1:colcon.colcon_core.package_identification:_identify(telegrip/core) by extensions ['ros']
[0.212s] Level 1:colcon.colcon_core.package_identification:_identify(telegrip/core) by extension 'ros'
[0.212s] Level 1:colcon.colcon_core.package_identification:_identify(telegrip/core) by extensions ['cmake', 'python']
[0.212s] Level 1:colcon.colcon_core.package_identification:_identify(telegrip/core) by extension 'cmake'
[0.212s] Level 1:colcon.colcon_core.package_identification:_identify(telegrip/core) by extension 'python'
[0.212s] Level 1:colcon.colcon_core.package_identification:_identify(telegrip/core) by extensions ['python_setup_py']
[0.212s] Level 1:colcon.colcon_core.package_identification:_identify(telegrip/core) by extension 'python_setup_py'
[0.212s] Level 1:colcon.colcon_core.package_identification:_identify(telegrip/core/__pycache__) by extensions ['ignore', 'ignore_ament_install']
[0.212s] Level 1:colcon.colcon_core.package_identification:_identify(telegrip/core/__pycache__) by extension 'ignore'
[0.212s] Level 1:colcon.colcon_core.package_identification:_identify(telegrip/core/__pycache__) by extension 'ignore_ament_install'
[0.212s] Level 1:colcon.colcon_core.package_identification:_identify(telegrip/core/__pycache__) by extensions ['colcon_pkg']
[0.212s] Level 1:colcon.colcon_core.package_identification:_identify(telegrip/core/__pycache__) by extension 'colcon_pkg'
[0.212s] Level 1:colcon.colcon_core.package_identification:_identify(telegrip/core/__pycache__) by extensions ['colcon_meta']
[0.212s] Level 1:colcon.colcon_core.package_identification:_identify(telegrip/core/__pycache__) by extension 'colcon_meta'
[0.212s] Level 1:colcon.colcon_core.package_identification:_identify(telegrip/core/__pycache__) by extensions ['ros']
[0.212s] Level 1:colcon.colcon_core.package_identification:_identify(telegrip/core/__pycache__) by extension 'ros'
[0.212s] Level 1:colcon.colcon_core.package_identification:_identify(telegrip/core/__pycache__) by extensions ['cmake', 'python']
[0.212s] Level 1:colcon.colcon_core.package_identification:_identify(telegrip/core/__pycache__) by extension 'cmake'
[0.212s] Level 1:colcon.colcon_core.package_identification:_identify(telegrip/core/__pycache__) by extension 'python'
[0.212s] Level 1:colcon.colcon_core.package_identification:_identify(telegrip/core/__pycache__) by extensions ['python_setup_py']
[0.212s] Level 1:colcon.colcon_core.package_identification:_identify(telegrip/core/__pycache__) by extension 'python_setup_py'
[0.212s] Level 1:colcon.colcon_core.package_identification:_identify(telegrip/inputs) by extensions ['ignore', 'ignore_ament_install']
[0.212s] Level 1:colcon.colcon_core.package_identification:_identify(telegrip/inputs) by extension 'ignore'
[0.212s] Level 1:colcon.colcon_core.package_identification:_identify(telegrip/inputs) by extension 'ignore_ament_install'
[0.212s] Level 1:colcon.colcon_core.package_identification:_identify(telegrip/inputs) by extensions ['colcon_pkg']
[0.212s] Level 1:colcon.colcon_core.package_identification:_identify(telegrip/inputs) by extension 'colcon_pkg'
[0.212s] Level 1:colcon.colcon_core.package_identification:_identify(telegrip/inputs) by extensions ['colcon_meta']
[0.212s] Level 1:colcon.colcon_core.package_identification:_identify(telegrip/inputs) by extension 'colcon_meta'
[0.212s] Level 1:colcon.colcon_core.package_identification:_identify(telegrip/inputs) by extensions ['ros']
[0.213s] Level 1:colcon.colcon_core.package_identification:_identify(telegrip/inputs) by extension 'ros'
[0.213s] Level 1:colcon.colcon_core.package_identification:_identify(telegrip/inputs) by extensions ['cmake', 'python']
[0.213s] Level 1:colcon.colcon_core.package_identification:_identify(telegrip/inputs) by extension 'cmake'
[0.213s] Level 1:colcon.colcon_core.package_identification:_identify(telegrip/inputs) by extension 'python'
[0.213s] Level 1:colcon.colcon_core.package_identification:_identify(telegrip/inputs) by extensions ['python_setup_py']
[0.213s] Level 1:colcon.colcon_core.package_identification:_identify(telegrip/inputs) by extension 'python_setup_py'
[0.213s] Level 1:colcon.colcon_core.package_identification:_identify(telegrip/inputs/__pycache__) by extensions ['ignore', 'ignore_ament_install']
[0.213s] Level 1:colcon.colcon_core.package_identification:_identify(telegrip/inputs/__pycache__) by extension 'ignore'
[0.213s] Level 1:colcon.colcon_core.package_identification:_identify(telegrip/inputs/__pycache__) by extension 'ignore_ament_install'
[0.213s] Level 1:colcon.colcon_core.package_identification:_identify(telegrip/inputs/__pycache__) by extensions ['colcon_pkg']
[0.213s] Level 1:colcon.colcon_core.package_identification:_identify(telegrip/inputs/__pycache__) by extension 'colcon_pkg'
[0.213s] Level 1:colcon.colcon_core.package_identification:_identify(telegrip/inputs/__pycache__) by extensions ['colcon_meta']
[0.213s] Level 1:colcon.colcon_core.package_identification:_identify(telegrip/inputs/__pycache__) by extension 'colcon_meta'
[0.213s] Level 1:colcon.colcon_core.package_identification:_identify(telegrip/inputs/__pycache__) by extensions ['ros']
[0.213s] Level 1:colcon.colcon_core.package_identification:_identify(telegrip/inputs/__pycache__) by extension 'ros'
[0.213s] Level 1:colcon.colcon_core.package_identification:_identify(telegrip/inputs/__pycache__) by extensions ['cmake', 'python']
[0.213s] Level 1:colcon.colcon_core.package_identification:_identify(telegrip/inputs/__pycache__) by extension 'cmake'
[0.213s] Level 1:colcon.colcon_core.package_identification:_identify(telegrip/inputs/__pycache__) by extension 'python'
[0.213s] Level 1:colcon.colcon_core.package_identification:_identify(telegrip/inputs/__pycache__) by extensions ['python_setup_py']
[0.213s] Level 1:colcon.colcon_core.package_identification:_identify(telegrip/inputs/__pycache__) by extension 'python_setup_py'
[0.213s] Level 1:colcon.colcon_core.package_identification:_identify(telegrip.egg-info) by extensions ['ignore', 'ignore_ament_install']
[0.213s] Level 1:colcon.colcon_core.package_identification:_identify(telegrip.egg-info) by extension 'ignore'
[0.213s] Level 1:colcon.colcon_core.package_identification:_identify(telegrip.egg-info) by extension 'ignore_ament_install'
[0.213s] Level 1:colcon.colcon_core.package_identification:_identify(telegrip.egg-info) by extensions ['colcon_pkg']
[0.213s] Level 1:colcon.colcon_core.package_identification:_identify(telegrip.egg-info) by extension 'colcon_pkg'
[0.213s] Level 1:colcon.colcon_core.package_identification:_identify(telegrip.egg-info) by extensions ['colcon_meta']
[0.213s] Level 1:colcon.colcon_core.package_identification:_identify(telegrip.egg-info) by extension 'colcon_meta'
[0.213s] Level 1:colcon.colcon_core.package_identification:_identify(telegrip.egg-info) by extensions ['ros']
[0.213s] Level 1:colcon.colcon_core.package_identification:_identify(telegrip.egg-info) by extension 'ros'
[0.213s] Level 1:colcon.colcon_core.package_identification:_identify(telegrip.egg-info) by extensions ['cmake', 'python']
[0.213s] Level 1:colcon.colcon_core.package_identification:_identify(telegrip.egg-info) by extension 'cmake'
[0.213s] Level 1:colcon.colcon_core.package_identification:_identify(telegrip.egg-info) by extension 'python'
[0.213s] Level 1:colcon.colcon_core.package_identification:_identify(telegrip.egg-info) by extensions ['python_setup_py']
[0.213s] Level 1:colcon.colcon_core.package_identification:_identify(telegrip.egg-info) by extension 'python_setup_py'
[0.213s] Level 1:colcon.colcon_core.package_identification:_identify(web-ui) by extensions ['ignore', 'ignore_ament_install']
[0.213s] Level 1:colcon.colcon_core.package_identification:_identify(web-ui) by extension 'ignore'
[0.213s] Level 1:colcon.colcon_core.package_identification:_identify(web-ui) by extension 'ignore_ament_install'
[0.213s] Level 1:colcon.colcon_core.package_identification:_identify(web-ui) by extensions ['colcon_pkg']
[0.213s] Level 1:colcon.colcon_core.package_identification:_identify(web-ui) by extension 'colcon_pkg'
[0.213s] Level 1:colcon.colcon_core.package_identification:_identify(web-ui) by extensions ['colcon_meta']
[0.213s] Level 1:colcon.colcon_core.package_identification:_identify(web-ui) by extension 'colcon_meta'
[0.214s] Level 1:colcon.colcon_core.package_identification:_identify(web-ui) by extensions ['ros']
[0.214s] Level 1:colcon.colcon_core.package_identification:_identify(web-ui) by extension 'ros'
[0.214s] Level 1:colcon.colcon_core.package_identification:_identify(web-ui) by extensions ['cmake', 'python']
[0.214s] Level 1:colcon.colcon_core.package_identification:_identify(web-ui) by extension 'cmake'
[0.214s] Level 1:colcon.colcon_core.package_identification:_identify(web-ui) by extension 'python'
[0.214s] Level 1:colcon.colcon_core.package_identification:_identify(web-ui) by extensions ['python_setup_py']
[0.214s] Level 1:colcon.colcon_core.package_identification:_identify(web-ui) by extension 'python_setup_py'
[0.214s] Level 1:colcon.colcon_core.package_identification:_identify(web-ui/media) by extensions ['ignore', 'ignore_ament_install']
[0.214s] Level 1:colcon.colcon_core.package_identification:_identify(web-ui/media) by extension 'ignore'
[0.214s] Level 1:colcon.colcon_core.package_identification:_identify(web-ui/media) by extension 'ignore_ament_install'
[0.214s] Level 1:colcon.colcon_core.package_identification:_identify(web-ui/media) by extensions ['colcon_pkg']
[0.214s] Level 1:colcon.colcon_core.package_identification:_identify(web-ui/media) by extension 'colcon_pkg'
[0.214s] Level 1:colcon.colcon_core.package_identification:_identify(web-ui/media) by extensions ['colcon_meta']
[0.214s] Level 1:colcon.colcon_core.package_identification:_identify(web-ui/media) by extension 'colcon_meta'
[0.214s] Level 1:colcon.colcon_core.package_identification:_identify(web-ui/media) by extensions ['ros']
[0.214s] Level 1:colcon.colcon_core.package_identification:_identify(web-ui/media) by extension 'ros'
[0.214s] Level 1:colcon.colcon_core.package_identification:_identify(web-ui/media) by extensions ['cmake', 'python']
[0.214s] Level 1:colcon.colcon_core.package_identification:_identify(web-ui/media) by extension 'cmake'
[0.214s] Level 1:colcon.colcon_core.package_identification:_identify(web-ui/media) by extension 'python'
[0.214s] Level 1:colcon.colcon_core.package_identification:_identify(web-ui/media) by extensions ['python_setup_py']
[0.214s] Level 1:colcon.colcon_core.package_identification:_identify(web-ui/media) by extension 'python_setup_py'
[0.214s] Level 1:colcon.colcon_core.package_discovery:discover_packages(recursive) using defaults
[0.214s] Level 1:colcon.colcon_core.package_discovery:discover_packages(ignore) discover
[0.214s] Level 1:colcon.colcon_core.package_discovery:discover_packages(ignore) using defaults
[0.214s] Level 1:colcon.colcon_core.package_discovery:discover_packages(path) discover
[0.214s] Level 1:colcon.colcon_core.package_discovery:discover_packages(path) using defaults
[0.227s] Level 1:colcon.colcon_core.package_discovery:discover_packages(prefix_path) check parameters
[0.227s] Level 1:colcon.colcon_core.package_discovery:discover_packages(prefix_path) discover
[0.228s] DEBUG:colcon.colcon_installed_package_information.package_discovery:Found 2 installed packages in /home/andy/teleOp/telegrip/install
[0.228s] DEBUG:colcon.colcon_installed_package_information.package_discovery:Found 5 installed packages in /home/andy/ros2_ws/install
[0.229s] DEBUG:colcon.colcon_installed_package_information.package_discovery:Found 1 installed packages in /home/andy/ros2_ws/src/install
[0.230s] DEBUG:colcon.colcon_installed_package_information.package_discovery:Found 395 installed packages in /opt/ros/humble
[0.231s] Level 1:colcon.colcon_core.package_discovery:discover_packages(prefix_path) using defaults
[0.260s] Level 5:colcon.colcon_core.verb:set package 'mega_robot_1st_urdf' build argument 'cmake_args' from command line to 'None'
[0.260s] Level 5:colcon.colcon_core.verb:set package 'mega_robot_1st_urdf' build argument 'cmake_target' from command line to 'None'
[0.260s] Level 5:colcon.colcon_core.verb:set package 'mega_robot_1st_urdf' build argument 'cmake_target_skip_unavailable' from command line to 'False'
[0.260s] Level 5:colcon.colcon_core.verb:set package 'mega_robot_1st_urdf' build argument 'cmake_clean_cache' from command line to 'False'
[0.260s] Level 5:colcon.colcon_core.verb:set package 'mega_robot_1st_urdf' build argument 'cmake_clean_first' from command line to 'False'
[0.260s] Level 5:colcon.colcon_core.verb:set package 'mega_robot_1st_urdf' build argument 'cmake_force_configure' from command line to 'False'
[0.260s] Level 5:colcon.colcon_core.verb:set package 'mega_robot_1st_urdf' build argument 'ament_cmake_args' from command line to 'None'
[0.260s] Level 5:colcon.colcon_core.verb:set package 'mega_robot_1st_urdf' build argument 'catkin_cmake_args' from command line to 'None'
[0.260s] Level 5:colcon.colcon_core.verb:set package 'mega_robot_1st_urdf' build argument 'catkin_skip_building_tests' from command line to 'False'
[0.260s] DEBUG:colcon.colcon_core.verb:Building package 'mega_robot_1st_urdf' with the following arguments: {'ament_cmake_args': None, 'build_base': '/home/andy/teleOp/telegrip/build/mega_robot_1st_urdf', 'catkin_cmake_args': None, 'catkin_skip_building_tests': False, 'cmake_args': None, 'cmake_clean_cache': False, 'cmake_clean_first': False, 'cmake_force_configure': False, 'cmake_target': None, 'cmake_target_skip_unavailable': False, 'install_base': '/home/andy/teleOp/telegrip/install/mega_robot_1st_urdf', 'merge_install': False, 'path': '/home/andy/teleOp/telegrip/URDF/mega_robot_1st_urdf', 'symlink_install': True, 'test_result_base': None}
[0.260s] Level 5:colcon.colcon_core.verb:set package 'mega_robot_1st_moveit_config' build argument 'cmake_args' from command line to 'None'
[0.260s] Level 5:colcon.colcon_core.verb:set package 'mega_robot_1st_moveit_config' build argument 'cmake_target' from command line to 'None'
[0.260s] Level 5:colcon.colcon_core.verb:set package 'mega_robot_1st_moveit_config' build argument 'cmake_target_skip_unavailable' from command line to 'False'
[0.260s] Level 5:colcon.colcon_core.verb:set package 'mega_robot_1st_moveit_config' build argument 'cmake_clean_cache' from command line to 'False'
[0.260s] Level 5:colcon.colcon_core.verb:set package 'mega_robot_1st_moveit_config' build argument 'cmake_clean_first' from command line to 'False'
[0.260s] Level 5:colcon.colcon_core.verb:set package 'mega_robot_1st_moveit_config' build argument 'cmake_force_configure' from command line to 'False'
[0.260s] Level 5:colcon.colcon_core.verb:set package 'mega_robot_1st_moveit_config' build argument 'ament_cmake_args' from command line to 'None'
[0.260s] Level 5:colcon.colcon_core.verb:set package 'mega_robot_1st_moveit_config' build argument 'catkin_cmake_args' from command line to 'None'
[0.260s] Level 5:colcon.colcon_core.verb:set package 'mega_robot_1st_moveit_config' build argument 'catkin_skip_building_tests' from command line to 'False'
[0.260s] DEBUG:colcon.colcon_core.verb:Building package 'mega_robot_1st_moveit_config' with the following arguments: {'ament_cmake_args': None, 'build_base': '/home/andy/teleOp/telegrip/build/mega_robot_1st_moveit_config', 'catkin_cmake_args': None, 'catkin_skip_building_tests': False, 'cmake_args': None, 'cmake_clean_cache': False, 'cmake_clean_first': False, 'cmake_force_configure': False, 'cmake_target': None, 'cmake_target_skip_unavailable': False, 'install_base': '/home/andy/teleOp/telegrip/install/mega_robot_1st_moveit_config', 'merge_install': False, 'path': '/home/andy/teleOp/telegrip/URDF/mega_robot_1st_moveit_config', 'symlink_install': True, 'test_result_base': None}
[0.260s] INFO:colcon.colcon_core.executor:Executing jobs using 'parallel' executor
[0.261s] DEBUG:colcon.colcon_parallel_executor.executor.parallel:run_until_complete
[0.262s] INFO:colcon.colcon_ros.task.ament_cmake.build:Building ROS package in '/home/andy/teleOp/telegrip/URDF/mega_robot_1st_urdf' with build type 'ament_cmake'
[0.262s] INFO:colcon.colcon_cmake.task.cmake.build:Building CMake package in '/home/andy/teleOp/telegrip/URDF/mega_robot_1st_urdf'
[0.263s] INFO:colcon.colcon_core.plugin_system:Skipping extension 'colcon_core.shell.bat': Not used on non-Windows systems
[0.263s] INFO:colcon.colcon_core.shell:Skip shell extension 'powershell' for command environment: Not usable outside of PowerShell
[0.263s] DEBUG:colcon.colcon_core.shell:Skip shell extension 'dsv' for command environment
[0.272s] DEBUG:colcon.colcon_core.event_handler.log_command:Invoking command in '/home/andy/teleOp/telegrip/build/mega_robot_1st_urdf': CONDA_PROMPT_MODIFIER=(teleop) /usr/bin/cmake --build /home/andy/teleOp/telegrip/build/mega_robot_1st_urdf -- -j32 -l32
[0.311s] DEBUG:colcon.colcon_core.event_handler.log_command:Invoked command in '/home/andy/teleOp/telegrip/build/mega_robot_1st_urdf' returned '0': CONDA_PROMPT_MODIFIER=(teleop) /usr/bin/cmake --build /home/andy/teleOp/telegrip/build/mega_robot_1st_urdf -- -j32 -l32
[0.326s] DEBUG:colcon.colcon_core.event_handler.log_command:Invoking command in '/home/andy/teleOp/telegrip/build/mega_robot_1st_urdf': CONDA_PROMPT_MODIFIER=(teleop) /usr/bin/cmake --install /home/andy/teleOp/telegrip/build/mega_robot_1st_urdf
[0.353s] Level 1:colcon.colcon_core.environment:create_environment_scripts_only(mega_robot_1st_urdf)
[0.354s] DEBUG:colcon.colcon_core.event_handler.log_command:Invoked command in '/home/andy/teleOp/telegrip/build/mega_robot_1st_urdf' returned '0': CONDA_PROMPT_MODIFIER=(teleop) /usr/bin/cmake --install /home/andy/teleOp/telegrip/build/mega_robot_1st_urdf
[0.357s] Level 1:colcon.colcon_core.environment:checking '/home/andy/teleOp/telegrip/install/mega_robot_1st_urdf' for CMake module files
[0.357s] Level 1:colcon.colcon_core.environment:checking '/home/andy/teleOp/telegrip/install/mega_robot_1st_urdf' for CMake config files
[0.358s] Level 1:colcon.colcon_core.shell:create_environment_hook('mega_robot_1st_urdf', 'cmake_prefix_path')
[0.358s] INFO:colcon.colcon_core.shell:Creating environment hook '/home/andy/teleOp/telegrip/install/mega_robot_1st_urdf/share/mega_robot_1st_urdf/hook/cmake_prefix_path.ps1'
[0.359s] INFO:colcon.colcon_core.shell:Creating environment descriptor '/home/andy/teleOp/telegrip/install/mega_robot_1st_urdf/share/mega_robot_1st_urdf/hook/cmake_prefix_path.dsv'
[0.359s] INFO:colcon.colcon_core.shell:Creating environment hook '/home/andy/teleOp/telegrip/install/mega_robot_1st_urdf/share/mega_robot_1st_urdf/hook/cmake_prefix_path.sh'
[0.360s] Level 1:colcon.colcon_core.environment:checking '/home/andy/teleOp/telegrip/install/mega_robot_1st_urdf/bin'
[0.360s] Level 1:colcon.colcon_core.environment:checking '/home/andy/teleOp/telegrip/install/mega_robot_1st_urdf/lib/pkgconfig/mega_robot_1st_urdf.pc'
[0.360s] Level 1:colcon.colcon_core.environment:checking '/home/andy/teleOp/telegrip/install/mega_robot_1st_urdf/lib/python3.10/site-packages'
[0.361s] Level 1:colcon.colcon_core.environment:checking '/home/andy/teleOp/telegrip/install/mega_robot_1st_urdf/bin'
[0.361s] INFO:colcon.colcon_core.shell:Creating package script '/home/andy/teleOp/telegrip/install/mega_robot_1st_urdf/share/mega_robot_1st_urdf/package.ps1'
[0.362s] INFO:colcon.colcon_core.shell:Creating package descriptor '/home/andy/teleOp/telegrip/install/mega_robot_1st_urdf/share/mega_robot_1st_urdf/package.dsv'
[0.363s] INFO:colcon.colcon_core.shell:Creating package script '/home/andy/teleOp/telegrip/install/mega_robot_1st_urdf/share/mega_robot_1st_urdf/package.sh'
[0.364s] INFO:colcon.colcon_core.shell:Creating package script '/home/andy/teleOp/telegrip/install/mega_robot_1st_urdf/share/mega_robot_1st_urdf/package.bash'
[0.364s] INFO:colcon.colcon_core.shell:Creating package script '/home/andy/teleOp/telegrip/install/mega_robot_1st_urdf/share/mega_robot_1st_urdf/package.zsh'
[0.365s] Level 1:colcon.colcon_core.environment:create_file_with_runtime_dependencies(/home/andy/teleOp/telegrip/install/mega_robot_1st_urdf/share/colcon-core/packages/mega_robot_1st_urdf)
[0.366s] Level 1:colcon.colcon_core.environment:create_environment_scripts_only(mega_robot_1st_urdf)
[0.366s] Level 1:colcon.colcon_core.environment:checking '/home/andy/teleOp/telegrip/install/mega_robot_1st_urdf' for CMake module files
[0.367s] Level 1:colcon.colcon_core.environment:checking '/home/andy/teleOp/telegrip/install/mega_robot_1st_urdf' for CMake config files
[0.367s] Level 1:colcon.colcon_core.shell:create_environment_hook('mega_robot_1st_urdf', 'cmake_prefix_path')
[0.367s] INFO:colcon.colcon_core.shell:Creating environment hook '/home/andy/teleOp/telegrip/install/mega_robot_1st_urdf/share/mega_robot_1st_urdf/hook/cmake_prefix_path.ps1'
[0.368s] INFO:colcon.colcon_core.shell:Creating environment descriptor '/home/andy/teleOp/telegrip/install/mega_robot_1st_urdf/share/mega_robot_1st_urdf/hook/cmake_prefix_path.dsv'
[0.368s] INFO:colcon.colcon_core.shell:Creating environment hook '/home/andy/teleOp/telegrip/install/mega_robot_1st_urdf/share/mega_robot_1st_urdf/hook/cmake_prefix_path.sh'
[0.369s] Level 1:colcon.colcon_core.environment:checking '/home/andy/teleOp/telegrip/install/mega_robot_1st_urdf/bin'
[0.369s] Level 1:colcon.colcon_core.environment:checking '/home/andy/teleOp/telegrip/install/mega_robot_1st_urdf/lib/pkgconfig/mega_robot_1st_urdf.pc'
[0.369s] Level 1:colcon.colcon_core.environment:checking '/home/andy/teleOp/telegrip/install/mega_robot_1st_urdf/lib/python3.10/site-packages'
[0.370s] Level 1:colcon.colcon_core.environment:checking '/home/andy/teleOp/telegrip/install/mega_robot_1st_urdf/bin'
[0.370s] INFO:colcon.colcon_core.shell:Creating package script '/home/andy/teleOp/telegrip/install/mega_robot_1st_urdf/share/mega_robot_1st_urdf/package.ps1'
[0.370s] INFO:colcon.colcon_core.shell:Creating package descriptor '/home/andy/teleOp/telegrip/install/mega_robot_1st_urdf/share/mega_robot_1st_urdf/package.dsv'
[0.371s] INFO:colcon.colcon_core.shell:Creating package script '/home/andy/teleOp/telegrip/install/mega_robot_1st_urdf/share/mega_robot_1st_urdf/package.sh'
[0.371s] INFO:colcon.colcon_core.shell:Creating package script '/home/andy/teleOp/telegrip/install/mega_robot_1st_urdf/share/mega_robot_1st_urdf/package.bash'
[0.372s] INFO:colcon.colcon_core.shell:Creating package script '/home/andy/teleOp/telegrip/install/mega_robot_1st_urdf/share/mega_robot_1st_urdf/package.zsh'
[0.372s] Level 1:colcon.colcon_core.environment:create_file_with_runtime_dependencies(/home/andy/teleOp/telegrip/install/mega_robot_1st_urdf/share/colcon-core/packages/mega_robot_1st_urdf)
[0.372s] INFO:colcon.colcon_ros.task.ament_cmake.build:Building ROS package in '/home/andy/teleOp/telegrip/URDF/mega_robot_1st_moveit_config' with build type 'ament_cmake'
[0.373s] INFO:colcon.colcon_cmake.task.cmake.build:Building CMake package in '/home/andy/teleOp/telegrip/URDF/mega_robot_1st_moveit_config'
[0.373s] INFO:colcon.colcon_core.shell:Skip shell extension 'powershell' for command environment: Not usable outside of PowerShell
[0.373s] DEBUG:colcon.colcon_core.shell:Skip shell extension 'dsv' for command environment
[0.382s] DEBUG:colcon.colcon_core.event_handler.log_command:Invoking command in '/home/andy/teleOp/telegrip/build/mega_robot_1st_moveit_config': CMAKE_PREFIX_PATH=/home/andy/teleOp/telegrip/install/mega_robot_1st_urdf:/home/andy/teleOp/telegrip/install/mega_robot_1st_moveit_config:/home/andy/ros2_ws/install/my_robot_bringup:/home/andy/ros2_ws/install/my_robot_moveit_config:/home/andy/ros2_ws/install/my_robot_commander_cpp:/home/andy/ros2_ws/install/my_robot_interfaces:/home/andy/ros2_ws/install/my_robot_description:/home/andy/ros2_ws/src/install/my_robot_commander_cpp:/opt/ros/humble CONDA_PROMPT_MODIFIER=(teleop) /usr/bin/cmake --build /home/andy/teleOp/telegrip/build/mega_robot_1st_moveit_config -- -j32 -l32
[0.412s] DEBUG:colcon.colcon_core.event_handler.log_command:Invoked command in '/home/andy/teleOp/telegrip/build/mega_robot_1st_moveit_config' returned '0': CMAKE_PREFIX_PATH=/home/andy/teleOp/telegrip/install/mega_robot_1st_urdf:/home/andy/teleOp/telegrip/install/mega_robot_1st_moveit_config:/home/andy/ros2_ws/install/my_robot_bringup:/home/andy/ros2_ws/install/my_robot_moveit_config:/home/andy/ros2_ws/install/my_robot_commander_cpp:/home/andy/ros2_ws/install/my_robot_interfaces:/home/andy/ros2_ws/install/my_robot_description:/home/andy/ros2_ws/src/install/my_robot_commander_cpp:/opt/ros/humble CONDA_PROMPT_MODIFIER=(teleop) /usr/bin/cmake --build /home/andy/teleOp/telegrip/build/mega_robot_1st_moveit_config -- -j32 -l32
[0.413s] DEBUG:colcon.colcon_core.event_handler.log_command:Invoking command in '/home/andy/teleOp/telegrip/build/mega_robot_1st_moveit_config': CMAKE_PREFIX_PATH=/home/andy/teleOp/telegrip/install/mega_robot_1st_urdf:/home/andy/teleOp/telegrip/install/mega_robot_1st_moveit_config:/home/andy/ros2_ws/install/my_robot_bringup:/home/andy/ros2_ws/install/my_robot_moveit_config:/home/andy/ros2_ws/install/my_robot_commander_cpp:/home/andy/ros2_ws/install/my_robot_interfaces:/home/andy/ros2_ws/install/my_robot_description:/home/andy/ros2_ws/src/install/my_robot_commander_cpp:/opt/ros/humble CONDA_PROMPT_MODIFIER=(teleop) /usr/bin/cmake --install /home/andy/teleOp/telegrip/build/mega_robot_1st_moveit_config
[0.444s] Level 1:colcon.colcon_core.environment:create_environment_scripts_only(mega_robot_1st_moveit_config)
[0.445s] Level 1:colcon.colcon_core.environment:checking '/home/andy/teleOp/telegrip/install/mega_robot_1st_moveit_config' for CMake module files
[0.445s] DEBUG:colcon.colcon_core.event_handler.log_command:Invoked command in '/home/andy/teleOp/telegrip/build/mega_robot_1st_moveit_config' returned '0': CMAKE_PREFIX_PATH=/home/andy/teleOp/telegrip/install/mega_robot_1st_urdf:/home/andy/teleOp/telegrip/install/mega_robot_1st_moveit_config:/home/andy/ros2_ws/install/my_robot_bringup:/home/andy/ros2_ws/install/my_robot_moveit_config:/home/andy/ros2_ws/install/my_robot_commander_cpp:/home/andy/ros2_ws/install/my_robot_interfaces:/home/andy/ros2_ws/install/my_robot_description:/home/andy/ros2_ws/src/install/my_robot_commander_cpp:/opt/ros/humble CONDA_PROMPT_MODIFIER=(teleop) /usr/bin/cmake --install /home/andy/teleOp/telegrip/build/mega_robot_1st_moveit_config
[0.446s] Level 1:colcon.colcon_core.environment:checking '/home/andy/teleOp/telegrip/install/mega_robot_1st_moveit_config' for CMake config files
[0.446s] Level 1:colcon.colcon_core.shell:create_environment_hook('mega_robot_1st_moveit_config', 'cmake_prefix_path')
[0.446s] INFO:colcon.colcon_core.shell:Creating environment hook '/home/andy/teleOp/telegrip/install/mega_robot_1st_moveit_config/share/mega_robot_1st_moveit_config/hook/cmake_prefix_path.ps1'
[0.447s] INFO:colcon.colcon_core.shell:Creating environment descriptor '/home/andy/teleOp/telegrip/install/mega_robot_1st_moveit_config/share/mega_robot_1st_moveit_config/hook/cmake_prefix_path.dsv'
[0.448s] INFO:colcon.colcon_core.shell:Creating environment hook '/home/andy/teleOp/telegrip/install/mega_robot_1st_moveit_config/share/mega_robot_1st_moveit_config/hook/cmake_prefix_path.sh'
[0.448s] Level 1:colcon.colcon_core.environment:checking '/home/andy/teleOp/telegrip/install/mega_robot_1st_moveit_config/bin'
[0.448s] Level 1:colcon.colcon_core.environment:checking '/home/andy/teleOp/telegrip/install/mega_robot_1st_moveit_config/lib/pkgconfig/mega_robot_1st_moveit_config.pc'
[0.449s] Level 1:colcon.colcon_core.environment:checking '/home/andy/teleOp/telegrip/install/mega_robot_1st_moveit_config/lib/python3.10/site-packages'
[0.449s] Level 1:colcon.colcon_core.environment:checking '/home/andy/teleOp/telegrip/install/mega_robot_1st_moveit_config/bin'
[0.449s] INFO:colcon.colcon_core.shell:Creating package script '/home/andy/teleOp/telegrip/install/mega_robot_1st_moveit_config/share/mega_robot_1st_moveit_config/package.ps1'
[0.450s] INFO:colcon.colcon_core.shell:Creating package descriptor '/home/andy/teleOp/telegrip/install/mega_robot_1st_moveit_config/share/mega_robot_1st_moveit_config/package.dsv'
[0.450s] INFO:colcon.colcon_core.shell:Creating package script '/home/andy/teleOp/telegrip/install/mega_robot_1st_moveit_config/share/mega_robot_1st_moveit_config/package.sh'
[0.450s] INFO:colcon.colcon_core.shell:Creating package script '/home/andy/teleOp/telegrip/install/mega_robot_1st_moveit_config/share/mega_robot_1st_moveit_config/package.bash'
[0.451s] INFO:colcon.colcon_core.shell:Creating package script '/home/andy/teleOp/telegrip/install/mega_robot_1st_moveit_config/share/mega_robot_1st_moveit_config/package.zsh'
[0.451s] Level 1:colcon.colcon_core.environment:create_file_with_runtime_dependencies(/home/andy/teleOp/telegrip/install/mega_robot_1st_moveit_config/share/colcon-core/packages/mega_robot_1st_moveit_config)
[0.451s] Level 1:colcon.colcon_core.environment:create_environment_scripts_only(mega_robot_1st_moveit_config)
[0.452s] Level 1:colcon.colcon_core.environment:checking '/home/andy/teleOp/telegrip/install/mega_robot_1st_moveit_config' for CMake module files
[0.452s] Level 1:colcon.colcon_core.environment:checking '/home/andy/teleOp/telegrip/install/mega_robot_1st_moveit_config' for CMake config files
[0.452s] Level 1:colcon.colcon_core.shell:create_environment_hook('mega_robot_1st_moveit_config', 'cmake_prefix_path')
[0.452s] INFO:colcon.colcon_core.shell:Creating environment hook '/home/andy/teleOp/telegrip/install/mega_robot_1st_moveit_config/share/mega_robot_1st_moveit_config/hook/cmake_prefix_path.ps1'
[0.453s] INFO:colcon.colcon_core.shell:Creating environment descriptor '/home/andy/teleOp/telegrip/install/mega_robot_1st_moveit_config/share/mega_robot_1st_moveit_config/hook/cmake_prefix_path.dsv'
[0.453s] INFO:colcon.colcon_core.shell:Creating environment hook '/home/andy/teleOp/telegrip/install/mega_robot_1st_moveit_config/share/mega_robot_1st_moveit_config/hook/cmake_prefix_path.sh'
[0.454s] Level 1:colcon.colcon_core.environment:checking '/home/andy/teleOp/telegrip/install/mega_robot_1st_moveit_config/bin'
[0.454s] Level 1:colcon.colcon_core.environment:checking '/home/andy/teleOp/telegrip/install/mega_robot_1st_moveit_config/lib/pkgconfig/mega_robot_1st_moveit_config.pc'
[0.454s] Level 1:colcon.colcon_core.environment:checking '/home/andy/teleOp/telegrip/install/mega_robot_1st_moveit_config/lib/python3.10/site-packages'
[0.454s] Level 1:colcon.colcon_core.environment:checking '/home/andy/teleOp/telegrip/install/mega_robot_1st_moveit_config/bin'
[0.455s] INFO:colcon.colcon_core.shell:Creating package script '/home/andy/teleOp/telegrip/install/mega_robot_1st_moveit_config/share/mega_robot_1st_moveit_config/package.ps1'
[0.455s] INFO:colcon.colcon_core.shell:Creating package descriptor '/home/andy/teleOp/telegrip/install/mega_robot_1st_moveit_config/share/mega_robot_1st_moveit_config/package.dsv'
[0.456s] INFO:colcon.colcon_core.shell:Creating package script '/home/andy/teleOp/telegrip/install/mega_robot_1st_moveit_config/share/mega_robot_1st_moveit_config/package.sh'
[0.456s] INFO:colcon.colcon_core.shell:Creating package script '/home/andy/teleOp/telegrip/install/mega_robot_1st_moveit_config/share/mega_robot_1st_moveit_config/package.bash'
[0.456s] INFO:colcon.colcon_core.shell:Creating package script '/home/andy/teleOp/telegrip/install/mega_robot_1st_moveit_config/share/mega_robot_1st_moveit_config/package.zsh'
[0.457s] Level 1:colcon.colcon_core.environment:create_file_with_runtime_dependencies(/home/andy/teleOp/telegrip/install/mega_robot_1st_moveit_config/share/colcon-core/packages/mega_robot_1st_moveit_config)
[0.457s] DEBUG:colcon.colcon_parallel_executor.executor.parallel:closing loop
[0.457s] DEBUG:colcon.colcon_parallel_executor.executor.parallel:loop closed
[0.457s] DEBUG:colcon.colcon_parallel_executor.executor.parallel:run_until_complete finished with '0'
[0.457s] DEBUG:colcon.colcon_core.event_reactor:joining thread
[0.462s] INFO:colcon.colcon_core.plugin_system:Skipping extension 'colcon_notification.desktop_notification.terminal_notifier': Not used on non-Darwin systems
[0.462s] INFO:colcon.colcon_core.plugin_system:Skipping extension 'colcon_notification.desktop_notification.win32': Not used on non-Windows systems
[0.462s] INFO:colcon.colcon_notification.desktop_notification:Sending desktop notification using 'notify2'
[0.479s] DEBUG:colcon.colcon_core.event_reactor:joined thread
[0.479s] INFO:colcon.colcon_core.shell:Creating prefix script '/home/andy/teleOp/telegrip/install/local_setup.ps1'
[0.480s] INFO:colcon.colcon_core.shell:Creating prefix util module '/home/andy/teleOp/telegrip/install/_local_setup_util_ps1.py'
[0.481s] INFO:colcon.colcon_core.shell:Creating prefix chain script '/home/andy/teleOp/telegrip/install/setup.ps1'
[0.482s] INFO:colcon.colcon_core.shell:Creating prefix script '/home/andy/teleOp/telegrip/install/local_setup.sh'
[0.483s] INFO:colcon.colcon_core.shell:Creating prefix util module '/home/andy/teleOp/telegrip/install/_local_setup_util_sh.py'
[0.483s] INFO:colcon.colcon_core.shell:Creating prefix chain script '/home/andy/teleOp/telegrip/install/setup.sh'
[0.484s] INFO:colcon.colcon_core.shell:Creating prefix script '/home/andy/teleOp/telegrip/install/local_setup.bash'
[0.484s] INFO:colcon.colcon_core.shell:Creating prefix chain script '/home/andy/teleOp/telegrip/install/setup.bash'
[0.485s] INFO:colcon.colcon_core.shell:Creating prefix script '/home/andy/teleOp/telegrip/install/local_setup.zsh'
[0.485s] INFO:colcon.colcon_core.shell:Creating prefix chain script '/home/andy/teleOp/telegrip/install/setup.zsh'
