[0.009s] Invoking command in '/home/andy/teleOp/telegrip/build/mega_robot_1st_urdf': /usr/bin/cmake /home/andy/teleOp/telegrip/URDF/mega_robot_1st_urdf -DAMENT_CMAKE_SYMLINK_INSTALL=1 -DCMAKE_INSTALL_PREFIX=/home/andy/teleOp/telegrip/install/mega_robot_1st_urdf
[0.088s] -- The C compiler identification is GNU 11.4.0
[0.158s] -- The CXX compiler identification is GNU 11.4.0
[0.166s] -- Detecting C compiler ABI info
[0.233s] -- Detecting C compiler ABI info - done
[0.239s] -- Check for working C compiler: /usr/bin/cc - skipped
[0.239s] -- Detecting C compile features
[0.240s] -- Detecting C compile features - done
[0.243s] -- Detecting CXX compiler ABI info
[0.308s] -- Detecting CXX compiler ABI info - done
[0.314s] -- Check for working CXX compiler: /usr/bin/c++ - skipped
[0.314s] -- Detecting CXX compile features
[0.315s] -- Detecting CXX compile features - done
[0.319s] -- Found ament_cmake: 1.3.12 (/opt/ros/humble/share/ament_cmake/cmake)
[0.440s] -- Found Python3: /usr/bin/python3 (found version "3.10.12") found components: Interpreter 
[0.491s] -- Override CMake install command with custom implementation using symlinks instead of copying resources
[0.517s] -- Found ament_lint_auto: 0.12.14 (/opt/ros/humble/share/ament_lint_auto/cmake)
[0.574s] -- Configuring done
[0.576s] -- Generating done
[0.577s] -- Build files have been written to: /home/andy/teleOp/telegrip/build/mega_robot_1st_urdf
[0.580s] Invoked command in '/home/andy/teleOp/telegrip/build/mega_robot_1st_urdf' returned '0': /usr/bin/cmake /home/andy/teleOp/telegrip/URDF/mega_robot_1st_urdf -DAMENT_CMAKE_SYMLINK_INSTALL=1 -DCMAKE_INSTALL_PREFIX=/home/andy/teleOp/telegrip/install/mega_robot_1st_urdf
[0.582s] Invoking command in '/home/andy/teleOp/telegrip/build/mega_robot_1st_urdf': /usr/bin/cmake --build /home/andy/teleOp/telegrip/build/mega_robot_1st_urdf -- -j32 -l32
[0.615s] Invoked command in '/home/andy/teleOp/telegrip/build/mega_robot_1st_urdf' returned '0': /usr/bin/cmake --build /home/andy/teleOp/telegrip/build/mega_robot_1st_urdf -- -j32 -l32
[0.626s] Invoking command in '/home/andy/teleOp/telegrip/build/mega_robot_1st_urdf': /usr/bin/cmake --install /home/andy/teleOp/telegrip/build/mega_robot_1st_urdf
[0.631s] -- Install configuration: ""
[0.631s] -- Execute custom install script
[0.632s] -- Symlinking: /home/andy/teleOp/telegrip/install/mega_robot_1st_urdf/share/mega_robot_1st_urdf/meshes/Head1.STL
[0.639s] -- Symlinking: /home/andy/teleOp/telegrip/install/mega_robot_1st_urdf/share/mega_robot_1st_urdf/meshes/Head2.STL
[0.647s] -- Symlinking: /home/andy/teleOp/telegrip/install/mega_robot_1st_urdf/share/mega_robot_1st_urdf/meshes/Left_link1.STL
[0.655s] -- Symlinking: /home/andy/teleOp/telegrip/install/mega_robot_1st_urdf/share/mega_robot_1st_urdf/meshes/Left_link2.STL
[0.661s] -- Symlinking: /home/andy/teleOp/telegrip/install/mega_robot_1st_urdf/share/mega_robot_1st_urdf/meshes/Left_link3.STL
[0.668s] -- Symlinking: /home/andy/teleOp/telegrip/install/mega_robot_1st_urdf/share/mega_robot_1st_urdf/meshes/Left_link4.STL
[0.675s] -- Symlinking: /home/andy/teleOp/telegrip/install/mega_robot_1st_urdf/share/mega_robot_1st_urdf/meshes/Left_link5.STL
[0.683s] -- Symlinking: /home/andy/teleOp/telegrip/install/mega_robot_1st_urdf/share/mega_robot_1st_urdf/meshes/Left_link6.STL
[0.690s] -- Symlinking: /home/andy/teleOp/telegrip/install/mega_robot_1st_urdf/share/mega_robot_1st_urdf/meshes/Left_link7.STL
[0.698s] -- Symlinking: /home/andy/teleOp/telegrip/install/mega_robot_1st_urdf/share/mega_robot_1st_urdf/meshes/Right_link1.STL
[0.706s] -- Symlinking: /home/andy/teleOp/telegrip/install/mega_robot_1st_urdf/share/mega_robot_1st_urdf/meshes/Right_link2.STL
[0.714s] -- Symlinking: /home/andy/teleOp/telegrip/install/mega_robot_1st_urdf/share/mega_robot_1st_urdf/meshes/Right_link3.STL
[0.721s] -- Symlinking: /home/andy/teleOp/telegrip/install/mega_robot_1st_urdf/share/mega_robot_1st_urdf/meshes/Right_link4.STL
[0.728s] -- Symlinking: /home/andy/teleOp/telegrip/install/mega_robot_1st_urdf/share/mega_robot_1st_urdf/meshes/Right_link5.STL
[0.737s] -- Symlinking: /home/andy/teleOp/telegrip/install/mega_robot_1st_urdf/share/mega_robot_1st_urdf/meshes/Right_link6.STL
[0.746s] -- Symlinking: /home/andy/teleOp/telegrip/install/mega_robot_1st_urdf/share/mega_robot_1st_urdf/meshes/Right_link7.STL
[0.752s] -- Symlinking: /home/andy/teleOp/telegrip/install/mega_robot_1st_urdf/share/mega_robot_1st_urdf/meshes/base_link.STL
[0.759s] -- Symlinking: /home/andy/teleOp/telegrip/install/mega_robot_1st_urdf/share/mega_robot_1st_urdf/meshes/trunk1.STL
[0.766s] -- Symlinking: /home/andy/teleOp/telegrip/install/mega_robot_1st_urdf/share/mega_robot_1st_urdf/meshes/trunk2.STL
[0.773s] -- Symlinking: /home/andy/teleOp/telegrip/install/mega_robot_1st_urdf/share/mega_robot_1st_urdf/meshes/trunk3.STL
[0.781s] -- Symlinking: /home/andy/teleOp/telegrip/install/mega_robot_1st_urdf/share/mega_robot_1st_urdf/urdf/whole_robot.csv
[0.789s] -- Symlinking: /home/andy/teleOp/telegrip/install/mega_robot_1st_urdf/share/mega_robot_1st_urdf/urdf/whole_robot.urdf
[0.796s] -- Symlinking: /home/andy/teleOp/telegrip/install/mega_robot_1st_urdf/share/mega_robot_1st_urdf/urdf/whole_robot.urdf.backup
[0.804s] -- Symlinking: /home/andy/teleOp/telegrip/install/mega_robot_1st_urdf/share/mega_robot_1st_urdf/urdf/whole_robot_moveit.urdf
[0.810s] -- Symlinking: /home/andy/teleOp/telegrip/install/mega_robot_1st_urdf/share/mega_robot_1st_urdf/urdf/whole_robot_withhand.urdf
[0.817s] -- Symlinking: /home/andy/teleOp/telegrip/install/mega_robot_1st_urdf/share/mega_robot_1st_urdf/launch/display.launch.py
[0.828s] -- Symlinking: /home/andy/teleOp/telegrip/install/mega_robot_1st_urdf/share/mega_robot_1st_urdf/launch/gazebo.launch.py
[0.838s] -- Symlinking: /home/andy/teleOp/telegrip/install/mega_robot_1st_urdf/share/mega_robot_1st_urdf/rviz/mega_robot_1st.rviz
[0.848s] -- Symlinking: /home/andy/teleOp/telegrip/install/mega_robot_1st_urdf/share/ament_index/resource_index/package_run_dependencies/mega_robot_1st_urdf
[0.856s] -- Symlinking: /home/andy/teleOp/telegrip/install/mega_robot_1st_urdf/share/ament_index/resource_index/parent_prefix_path/mega_robot_1st_urdf
[0.866s] -- Symlinking: /home/andy/teleOp/telegrip/install/mega_robot_1st_urdf/share/mega_robot_1st_urdf/environment/ament_prefix_path.sh
[0.881s] -- Symlinking: /home/andy/teleOp/telegrip/install/mega_robot_1st_urdf/share/mega_robot_1st_urdf/environment/ament_prefix_path.dsv
[0.898s] -- Symlinking: /home/andy/teleOp/telegrip/install/mega_robot_1st_urdf/share/mega_robot_1st_urdf/environment/path.sh
[0.910s] -- Symlinking: /home/andy/teleOp/telegrip/install/mega_robot_1st_urdf/share/mega_robot_1st_urdf/environment/path.dsv
[0.918s] -- Symlinking: /home/andy/teleOp/telegrip/install/mega_robot_1st_urdf/share/mega_robot_1st_urdf/local_setup.bash
[0.925s] -- Symlinking: /home/andy/teleOp/telegrip/install/mega_robot_1st_urdf/share/mega_robot_1st_urdf/local_setup.sh
[0.932s] -- Symlinking: /home/andy/teleOp/telegrip/install/mega_robot_1st_urdf/share/mega_robot_1st_urdf/local_setup.zsh
[0.940s] -- Symlinking: /home/andy/teleOp/telegrip/install/mega_robot_1st_urdf/share/mega_robot_1st_urdf/local_setup.dsv
[0.948s] -- Symlinking: /home/andy/teleOp/telegrip/install/mega_robot_1st_urdf/share/mega_robot_1st_urdf/package.dsv
[0.954s] -- Symlinking: /home/andy/teleOp/telegrip/install/mega_robot_1st_urdf/share/ament_index/resource_index/packages/mega_robot_1st_urdf
[0.962s] -- Symlinking: /home/andy/teleOp/telegrip/install/mega_robot_1st_urdf/share/mega_robot_1st_urdf/cmake/mega_robot_1st_urdfConfig.cmake
[0.969s] -- Symlinking: /home/andy/teleOp/telegrip/install/mega_robot_1st_urdf/share/mega_robot_1st_urdf/cmake/mega_robot_1st_urdfConfig-version.cmake
[0.978s] -- Symlinking: /home/andy/teleOp/telegrip/install/mega_robot_1st_urdf/share/mega_robot_1st_urdf/package.xml
[0.988s] Invoked command in '/home/andy/teleOp/telegrip/build/mega_robot_1st_urdf' returned '0': /usr/bin/cmake --install /home/andy/teleOp/telegrip/build/mega_robot_1st_urdf
