pybullet build time: Jan 29 2025 23:16:28
[INFO] [1775542012.090379520] [telegrip_heading_calibrator]: Loaded heading calibration from /home/andy/.cache/telegrip/heading_calibration.json
[INFO] [1775542012.094219380] [telegrip_heading_calibrator]: Heading calibrator started: /telegrip -> /telegrip_calibrated | yaw_offset=38.7 deg | mirror=False
[INFO] [1775542266.577996209] [telegrip_heading_calibrator]: Saved heading calibration: yaw_offset=-2.8 deg, mirror=False
[INFO] [1775542533.103833569] [telegrip_heading_calibrator]: Saved heading calibration: yaw_offset=4.9 deg, mirror=False
[INFO] [1775542541.773999090] [telegrip_heading_calibrator]: Saved heading calibration: yaw_offset=-60.2 deg, mirror=False
[INFO] [1775542547.278434645] [telegrip_heading_calibrator]: Saved heading calibration: yaw_offset=5.8 deg, mirror=False
[INFO] [1775542550.929724204] [telegrip_heading_calibrator]: Saved heading calibration: yaw_offset=29.1 deg, mirror=False
[INFO] [1775544573.324242525] [telegrip_heading_calibrator]: Saved heading calibration: yaw_offset=10.9 deg, mirror=False
[INFO] [1775544631.678917680] [telegrip_heading_calibrator]: Saved heading calibration: yaw_offset=-4.1 deg, mirror=False
[INFO] [1775544641.764355978] [telegrip_heading_calibrator]: Saved heading calibration: yaw_offset=43.4 deg, mirror=False
[INFO] [1775544650.585772189] [telegrip_heading_calibrator]: Saved heading calibration: yaw_offset=1.2 deg, mirror=False
[INFO] [1775545100.508201718] [telegrip_heading_calibrator]: Saved heading calibration: yaw_offset=12.8 deg, mirror=False
[INFO] [1775545263.834443486] [telegrip_heading_calibrator]: Saved heading calibration: yaw_offset=0.4 deg, mirror=False
[INFO] [1775545268.152637072] [telegrip_heading_calibrator]: Saved heading calibration: yaw_offset=1.3 deg, mirror=False
[INFO] [1775545271.496763623] [telegrip_heading_calibrator]: Saved heading calibration: yaw_offset=1.5 deg, mirror=False
Traceback (most recent call last):
  File "/home/andy/teleOp/telegrip/telegrip/ros2_heading_calibrator.py", line 426, in main
    rclpy.spin(node)
  File "/opt/ros/humble/local/lib/python3.10/dist-packages/rclpy/__init__.py", line 229, in spin
    executor.spin_once()
  File "/opt/ros/humble/local/lib/python3.10/dist-packages/rclpy/executors.py", line 773, in spin_once
    self._spin_once_impl(timeout_sec)
  File "/opt/ros/humble/local/lib/python3.10/dist-packages/rclpy/executors.py", line 770, in _spin_once_impl
    raise handler.exception()
  File "/opt/ros/humble/local/lib/python3.10/dist-packages/rclpy/task.py", line 254, in __call__
    self._handler.send(None)
  File "/opt/ros/humble/local/lib/python3.10/dist-packages/rclpy/executors.py", line 453, in handler
    arg = take_from_wait_list(entity)
  File "/opt/ros/humble/local/lib/python3.10/dist-packages/rclpy/executors.py", line 375, in _take_subscription
    msg_info = sub.handle.take_message(sub.msg_type, sub.raw)
RuntimeError: Unable to convert call argument to Python object (compile in debug mode for details)

During handling of the above exception, another exception occurred:

Traceback (most recent call last):
  File "/home/andy/miniconda3/envs/teleop/lib/python3.10/runpy.py", line 196, in _run_module_as_main
    return _run_code(code, main_globals, None,
  File "/home/andy/miniconda3/envs/teleop/lib/python3.10/runpy.py", line 86, in _run_code
    exec(code, run_globals)
  File "/home/andy/teleOp/telegrip/telegrip/ros2_heading_calibrator.py", line 435, in <module>
    main()
  File "/home/andy/teleOp/telegrip/telegrip/ros2_heading_calibrator.py", line 431, in main
    rclpy.shutdown()
  File "/opt/ros/humble/local/lib/python3.10/dist-packages/rclpy/__init__.py", line 130, in shutdown
    _shutdown(context=context)
  File "/opt/ros/humble/local/lib/python3.10/dist-packages/rclpy/utilities.py", line 58, in shutdown
    return context.shutdown()
  File "/opt/ros/humble/local/lib/python3.10/dist-packages/rclpy/context.py", line 102, in shutdown
    self.__context.shutdown()
rclpy._rclpy_pybind11.RCLError: failed to shutdown: rcl_shutdown already called on the given context, at ./src/rcl/init.c:241
