[0.011s] Invoking command in '/home/andy/teleOp/telegrip/build/mega_robot_1st_moveit_config': AMENT_PREFIX_PATH=/home/andy/teleOp/telegrip/install/mega_robot_1st_urdf:${AMENT_PREFIX_PATH} CMAKE_PREFIX_PATH=/home/andy/teleOp/telegrip/install/mega_robot_1st_urdf:${CMAKE_PREFIX_PATH} /usr/bin/cmake /home/andy/teleOp/telegrip/URDF/mega_robot_1st_moveit_config -DAMENT_CMAKE_SYMLINK_INSTALL=1 -DCMAKE_INSTALL_PREFIX=/home/andy/teleOp/telegrip/install/mega_robot_1st_moveit_config
[0.068s] -- The C compiler identification is GNU 11.4.0
[0.110s] -- The CXX compiler identification is GNU 11.4.0
[0.116s] -- Detecting C compiler ABI info
[0.192s] -- Detecting C compiler ABI info - done
[0.203s] -- Check for working C compiler: /usr/bin/cc - skipped
[0.204s] -- Detecting C compile features
[0.204s] -- Detecting C compile features - done
[0.207s] -- Detecting CXX compiler ABI info
[0.289s] -- Detecting CXX compiler ABI info - done
[0.296s] -- Check for working CXX compiler: /usr/bin/c++ - skipped
[0.296s] -- Detecting CXX compile features
[0.297s] -- Detecting CXX compile features - done
[0.301s] -- Found ament_cmake: 1.3.12 (/opt/ros/humble/share/ament_cmake/cmake)
[0.447s] -- Found Python3: /usr/bin/python3 (found version "3.10.12") found components: Interpreter 
[0.495s] -- Override CMake install command with custom implementation using symlinks instead of copying resources
[0.517s] -- Found ament_lint_auto: 0.12.14 (/opt/ros/humble/share/ament_lint_auto/cmake)
[0.583s] -- Added test 'copyright' to check source files copyright and LICENSE
[0.585s] -- Added test 'flake8' to check Python code syntax and style conventions
[0.585s] -- Added test 'lint_cmake' to check CMake code style
[0.586s] -- Added test 'pep257' to check Python code against some of the docstring style conventions in PEP 257
[0.587s] -- Added test 'xmllint' to check XML markup files
[0.588s] -- Configuring done
[0.589s] -- Generating done
[0.590s] -- Build files have been written to: /home/andy/teleOp/telegrip/build/mega_robot_1st_moveit_config
[0.593s] Invoked command in '/home/andy/teleOp/telegrip/build/mega_robot_1st_moveit_config' returned '0': AMENT_PREFIX_PATH=/home/andy/teleOp/telegrip/install/mega_robot_1st_urdf:${AMENT_PREFIX_PATH} CMAKE_PREFIX_PATH=/home/andy/teleOp/telegrip/install/mega_robot_1st_urdf:${CMAKE_PREFIX_PATH} /usr/bin/cmake /home/andy/teleOp/telegrip/URDF/mega_robot_1st_moveit_config -DAMENT_CMAKE_SYMLINK_INSTALL=1 -DCMAKE_INSTALL_PREFIX=/home/andy/teleOp/telegrip/install/mega_robot_1st_moveit_config
[0.594s] Invoking command in '/home/andy/teleOp/telegrip/build/mega_robot_1st_moveit_config': AMENT_PREFIX_PATH=/home/andy/teleOp/telegrip/install/mega_robot_1st_urdf:${AMENT_PREFIX_PATH} CMAKE_PREFIX_PATH=/home/andy/teleOp/telegrip/install/mega_robot_1st_urdf:${CMAKE_PREFIX_PATH} /usr/bin/cmake --build /home/andy/teleOp/telegrip/build/mega_robot_1st_moveit_config -- -j32 -l32
[0.629s] Invoked command in '/home/andy/teleOp/telegrip/build/mega_robot_1st_moveit_config' returned '0': AMENT_PREFIX_PATH=/home/andy/teleOp/telegrip/install/mega_robot_1st_urdf:${AMENT_PREFIX_PATH} CMAKE_PREFIX_PATH=/home/andy/teleOp/telegrip/install/mega_robot_1st_urdf:${CMAKE_PREFIX_PATH} /usr/bin/cmake --build /home/andy/teleOp/telegrip/build/mega_robot_1st_moveit_config -- -j32 -l32
[0.632s] Invoking command in '/home/andy/teleOp/telegrip/build/mega_robot_1st_moveit_config': AMENT_PREFIX_PATH=/home/andy/teleOp/telegrip/install/mega_robot_1st_urdf:${AMENT_PREFIX_PATH} CMAKE_PREFIX_PATH=/home/andy/teleOp/telegrip/install/mega_robot_1st_urdf:${CMAKE_PREFIX_PATH} /usr/bin/cmake --install /home/andy/teleOp/telegrip/build/mega_robot_1st_moveit_config
[0.640s] -- Install configuration: ""
[0.640s] -- Execute custom install script
[0.640s] -- Symlinking: /home/andy/teleOp/telegrip/install/mega_robot_1st_moveit_config/share/mega_robot_1st_moveit_config/config/joint_limits.yaml
[0.649s] -- Symlinking: /home/andy/teleOp/telegrip/install/mega_robot_1st_moveit_config/share/mega_robot_1st_moveit_config/config/kinematics.yaml
[0.659s] -- Symlinking: /home/andy/teleOp/telegrip/install/mega_robot_1st_moveit_config/share/mega_robot_1st_moveit_config/config/moveit_controllers.yaml
[0.669s] -- Symlinking: /home/andy/teleOp/telegrip/install/mega_robot_1st_moveit_config/share/mega_robot_1st_moveit_config/config/ompl_planning.yaml
[0.679s] -- Symlinking: /home/andy/teleOp/telegrip/install/mega_robot_1st_moveit_config/share/mega_robot_1st_moveit_config/config/vr_to_moveit_bridge.yaml
[0.690s] -- Symlinking: /home/andy/teleOp/telegrip/install/mega_robot_1st_moveit_config/share/mega_robot_1st_moveit_config/launch/__pycache__/moveit_rviz.launch.cpython-310.pyc
[0.700s] -- Symlinking: /home/andy/teleOp/telegrip/install/mega_robot_1st_moveit_config/share/mega_robot_1st_moveit_config/launch/__pycache__/teleop_dual_arm.launch.cpython-310.pyc
[0.706s] -- Symlinking: /home/andy/teleOp/telegrip/install/mega_robot_1st_moveit_config/share/mega_robot_1st_moveit_config/launch/moveit_rviz.launch.py
[0.714s] -- Symlinking: /home/andy/teleOp/telegrip/install/mega_robot_1st_moveit_config/share/mega_robot_1st_moveit_config/launch/teleop_dual_arm.launch.py
[0.721s] -- Symlinking: /home/andy/teleOp/telegrip/install/mega_robot_1st_moveit_config/share/mega_robot_1st_moveit_config/rviz/mega_robot_dual_arm.rviz
[0.729s] -- Symlinking: /home/andy/teleOp/telegrip/install/mega_robot_1st_moveit_config/share/mega_robot_1st_moveit_config/srdf/mega_robot_1st.srdf
[0.737s] -- Symlinking: /home/andy/teleOp/telegrip/install/mega_robot_1st_moveit_config/share/mega_robot_1st_moveit_config/urdf/whole_robot_moveit_display.urdf
[0.745s] -- Symlinking: /home/andy/teleOp/telegrip/install/mega_robot_1st_moveit_config/share/ament_index/resource_index/package_run_dependencies/mega_robot_1st_moveit_config
[0.752s] -- Symlinking: /home/andy/teleOp/telegrip/install/mega_robot_1st_moveit_config/share/ament_index/resource_index/parent_prefix_path/mega_robot_1st_moveit_config
[0.758s] -- Symlinking: /home/andy/teleOp/telegrip/install/mega_robot_1st_moveit_config/share/mega_robot_1st_moveit_config/environment/ament_prefix_path.sh
[0.766s] -- Symlinking: /home/andy/teleOp/telegrip/install/mega_robot_1st_moveit_config/share/mega_robot_1st_moveit_config/environment/ament_prefix_path.dsv
[0.773s] -- Symlinking: /home/andy/teleOp/telegrip/install/mega_robot_1st_moveit_config/share/mega_robot_1st_moveit_config/environment/path.sh
[0.779s] -- Symlinking: /home/andy/teleOp/telegrip/install/mega_robot_1st_moveit_config/share/mega_robot_1st_moveit_config/environment/path.dsv
[0.789s] -- Symlinking: /home/andy/teleOp/telegrip/install/mega_robot_1st_moveit_config/share/mega_robot_1st_moveit_config/local_setup.bash
[0.797s] -- Symlinking: /home/andy/teleOp/telegrip/install/mega_robot_1st_moveit_config/share/mega_robot_1st_moveit_config/local_setup.sh
[0.806s] -- Symlinking: /home/andy/teleOp/telegrip/install/mega_robot_1st_moveit_config/share/mega_robot_1st_moveit_config/local_setup.zsh
[0.815s] -- Symlinking: /home/andy/teleOp/telegrip/install/mega_robot_1st_moveit_config/share/mega_robot_1st_moveit_config/local_setup.dsv
[0.822s] -- Symlinking: /home/andy/teleOp/telegrip/install/mega_robot_1st_moveit_config/share/mega_robot_1st_moveit_config/package.dsv
[0.829s] -- Symlinking: /home/andy/teleOp/telegrip/install/mega_robot_1st_moveit_config/share/ament_index/resource_index/packages/mega_robot_1st_moveit_config
[0.836s] -- Symlinking: /home/andy/teleOp/telegrip/install/mega_robot_1st_moveit_config/share/mega_robot_1st_moveit_config/cmake/mega_robot_1st_moveit_configConfig.cmake
[0.844s] -- Symlinking: /home/andy/teleOp/telegrip/install/mega_robot_1st_moveit_config/share/mega_robot_1st_moveit_config/cmake/mega_robot_1st_moveit_configConfig-version.cmake
[0.852s] -- Symlinking: /home/andy/teleOp/telegrip/install/mega_robot_1st_moveit_config/share/mega_robot_1st_moveit_config/package.xml
[0.865s] Invoked command in '/home/andy/teleOp/telegrip/build/mega_robot_1st_moveit_config' returned '0': AMENT_PREFIX_PATH=/home/andy/teleOp/telegrip/install/mega_robot_1st_urdf:${AMENT_PREFIX_PATH} CMAKE_PREFIX_PATH=/home/andy/teleOp/telegrip/install/mega_robot_1st_urdf:${CMAKE_PREFIX_PATH} /usr/bin/cmake --install /home/andy/teleOp/telegrip/build/mega_robot_1st_moveit_config
