[0.091s] DEBUG:colcon:Command line arguments: ['/usr/bin/colcon', 'build', '--symlink-install', '--packages-select', 'mega_robot_1st_urdf', 'mega_robot_1st_moveit_config']
[0.091s] DEBUG:colcon:Parsed command line arguments: Namespace(log_base=None, log_level=None, verb_name='build', build_base='build', install_base='install', merge_install=False, symlink_install=True, test_result_base=None, continue_on_error=False, executor='parallel', parallel_workers=32, event_handlers=None, ignore_user_meta=False, metas=['./colcon.meta'], base_paths=['.'], packages_ignore=None, packages_ignore_regex=None, paths=None, packages_up_to=None, packages_up_to_regex=None, packages_above=None, packages_above_and_dependencies=None, packages_above_depth=None, packages_select_by_dep=None, packages_skip_by_dep=None, packages_skip_up_to=None, packages_select_build_failed=False, packages_skip_build_finished=False, packages_select_test_failures=False, packages_skip_test_passed=False, packages_select=['mega_robot_1st_urdf', 'mega_robot_1st_moveit_config'], packages_skip=None, packages_select_regex=None, packages_skip_regex=None, packages_start=None, packages_end=None, allow_overriding=[], cmake_args=None, cmake_target=None, cmake_target_skip_unavailable=False, cmake_clean_cache=False, cmake_clean_first=False, cmake_force_configure=False, ament_cmake_args=None, catkin_cmake_args=None, catkin_skip_building_tests=False, mixin_files=None, mixin=None, verb_parser=<colcon_mixin.mixin.mixin_argument.MixinArgumentDecorator object at 0x70663aaa0400>, verb_extension=<colcon_core.verb.build.BuildVerb object at 0x70663aa6beb0>, main=<bound method BuildVerb.main of <colcon_core.verb.build.BuildVerb object at 0x70663aa6beb0>>, mixin_verb=('build',))
[0.254s] Level 1:colcon.colcon_core.package_discovery:discover_packages(colcon_meta) check parameters
[0.254s] Level 1:colcon.colcon_core.package_discovery:discover_packages(recursive) check parameters
[0.254s] Level 1:colcon.colcon_core.package_discovery:discover_packages(ignore) check parameters
[0.254s] Level 1:colcon.colcon_core.package_discovery:discover_packages(path) check parameters
[0.254s] Level 1:colcon.colcon_core.package_discovery:discover_packages(colcon_meta) discover
[0.254s] Level 1:colcon.colcon_core.package_discovery:discover_packages(recursive) discover
[0.254s] INFO:colcon.colcon_core.package_discovery:Crawling recursively for packages in '/home/andy/teleOp/telegrip'
[0.254s] Level 1:colcon.colcon_core.package_identification:_identify(.) by extensions ['ignore', 'ignore_ament_install']
[0.255s] Level 1:colcon.colcon_core.package_identification:_identify(.) by extension 'ignore'
[0.255s] Level 1:colcon.colcon_core.package_identification:_identify(.) by extension 'ignore_ament_install'
[0.255s] Level 1:colcon.colcon_core.package_identification:_identify(.) by extensions ['colcon_pkg']
[0.255s] Level 1:colcon.colcon_core.package_identification:_identify(.) by extension 'colcon_pkg'
[0.255s] Level 1:colcon.colcon_core.package_identification:_identify(.) by extensions ['colcon_meta']
[0.255s] Level 1:colcon.colcon_core.package_identification:_identify(.) by extension 'colcon_meta'
[0.255s] Level 1:colcon.colcon_core.package_identification:_identify(.) by extensions ['ros']
[0.255s] Level 1:colcon.colcon_core.package_identification:_identify(.) by extension 'ros'
[0.272s] Level 1:colcon.colcon_core.package_identification:_identify(.) by extensions ['cmake', 'python']
[0.272s] Level 1:colcon.colcon_core.package_identification:_identify(.) by extension 'cmake'
[0.272s] Level 1:colcon.colcon_core.package_identification:_identify(.) by extension 'python'
[0.272s] Level 1:colcon.colcon_core.package_identification:_identify(.) by extensions ['python_setup_py']
[0.272s] Level 1:colcon.colcon_core.package_identification:_identify(.) by extension 'python_setup_py'
[0.272s] Level 1:colcon.colcon_core.package_identification:_identify(URDF) by extensions ['ignore', 'ignore_ament_install']
[0.272s] Level 1:colcon.colcon_core.package_identification:_identify(URDF) by extension 'ignore'
[0.272s] Level 1:colcon.colcon_core.package_identification:_identify(URDF) by extension 'ignore_ament_install'
[0.272s] Level 1:colcon.colcon_core.package_identification:_identify(URDF) by extensions ['colcon_pkg']
[0.272s] Level 1:colcon.colcon_core.package_identification:_identify(URDF) by extension 'colcon_pkg'
[0.272s] Level 1:colcon.colcon_core.package_identification:_identify(URDF) by extensions ['colcon_meta']
[0.272s] Level 1:colcon.colcon_core.package_identification:_identify(URDF) by extension 'colcon_meta'
[0.272s] Level 1:colcon.colcon_core.package_identification:_identify(URDF) by extensions ['ros']
[0.272s] Level 1:colcon.colcon_core.package_identification:_identify(URDF) by extension 'ros'
[0.272s] Level 1:colcon.colcon_core.package_identification:_identify(URDF) by extensions ['cmake', 'python']
[0.272s] Level 1:colcon.colcon_core.package_identification:_identify(URDF) by extension 'cmake'
[0.272s] Level 1:colcon.colcon_core.package_identification:_identify(URDF) by extension 'python'
[0.272s] Level 1:colcon.colcon_core.package_identification:_identify(URDF) by extensions ['python_setup_py']
[0.272s] Level 1:colcon.colcon_core.package_identification:_identify(URDF) by extension 'python_setup_py'
[0.272s] Level 1:colcon.colcon_core.package_identification:_identify(URDF/SO100) by extensions ['ignore', 'ignore_ament_install']
[0.272s] Level 1:colcon.colcon_core.package_identification:_identify(URDF/SO100) by extension 'ignore'
[0.272s] Level 1:colcon.colcon_core.package_identification:_identify(URDF/SO100) by extension 'ignore_ament_install'
[0.272s] Level 1:colcon.colcon_core.package_identification:_identify(URDF/SO100) by extensions ['colcon_pkg']
[0.272s] Level 1:colcon.colcon_core.package_identification:_identify(URDF/SO100) by extension 'colcon_pkg'
[0.272s] Level 1:colcon.colcon_core.package_identification:_identify(URDF/SO100) by extensions ['colcon_meta']
[0.272s] Level 1:colcon.colcon_core.package_identification:_identify(URDF/SO100) by extension 'colcon_meta'
[0.272s] Level 1:colcon.colcon_core.package_identification:_identify(URDF/SO100) by extensions ['ros']
[0.272s] Level 1:colcon.colcon_core.package_identification:_identify(URDF/SO100) by extension 'ros'
[0.273s] Level 1:colcon.colcon_core.package_identification:_identify(URDF/SO100) by extensions ['cmake', 'python']
[0.273s] Level 1:colcon.colcon_core.package_identification:_identify(URDF/SO100) by extension 'cmake'
[0.273s] Level 1:colcon.colcon_core.package_identification:_identify(URDF/SO100) by extension 'python'
[0.273s] Level 1:colcon.colcon_core.package_identification:_identify(URDF/SO100) by extensions ['python_setup_py']
[0.273s] Level 1:colcon.colcon_core.package_identification:_identify(URDF/SO100) by extension 'python_setup_py'
[0.273s] Level 1:colcon.colcon_core.package_identification:_identify(URDF/SO100/assets) by extensions ['ignore', 'ignore_ament_install']
[0.273s] Level 1:colcon.colcon_core.package_identification:_identify(URDF/SO100/assets) by extension 'ignore'
[0.273s] Level 1:colcon.colcon_core.package_identification:_identify(URDF/SO100/assets) by extension 'ignore_ament_install'
[0.273s] Level 1:colcon.colcon_core.package_identification:_identify(URDF/SO100/assets) by extensions ['colcon_pkg']
[0.273s] Level 1:colcon.colcon_core.package_identification:_identify(URDF/SO100/assets) by extension 'colcon_pkg'
[0.273s] Level 1:colcon.colcon_core.package_identification:_identify(URDF/SO100/assets) by extensions ['colcon_meta']
[0.273s] Level 1:colcon.colcon_core.package_identification:_identify(URDF/SO100/assets) by extension 'colcon_meta'
[0.273s] Level 1:colcon.colcon_core.package_identification:_identify(URDF/SO100/assets) by extensions ['ros']
[0.273s] Level 1:colcon.colcon_core.package_identification:_identify(URDF/SO100/assets) by extension 'ros'
[0.273s] Level 1:colcon.colcon_core.package_identification:_identify(URDF/SO100/assets) by extensions ['cmake', 'python']
[0.273s] Level 1:colcon.colcon_core.package_identification:_identify(URDF/SO100/assets) by extension 'cmake'
[0.273s] Level 1:colcon.colcon_core.package_identification:_identify(URDF/SO100/assets) by extension 'python'
[0.273s] Level 1:colcon.colcon_core.package_identification:_identify(URDF/SO100/assets) by extensions ['python_setup_py']
[0.273s] Level 1:colcon.colcon_core.package_identification:_identify(URDF/SO100/assets) by extension 'python_setup_py'
[0.273s] Level 1:colcon.colcon_core.package_identification:_identify(URDF/mega_robot_1st_moveit_config) by extensions ['ignore', 'ignore_ament_install']
[0.273s] Level 1:colcon.colcon_core.package_identification:_identify(URDF/mega_robot_1st_moveit_config) by extension 'ignore'
[0.273s] Level 1:colcon.colcon_core.package_identification:_identify(URDF/mega_robot_1st_moveit_config) by extension 'ignore_ament_install'
[0.273s] Level 1:colcon.colcon_core.package_identification:_identify(URDF/mega_robot_1st_moveit_config) by extensions ['colcon_pkg']
[0.273s] Level 1:colcon.colcon_core.package_identification:_identify(URDF/mega_robot_1st_moveit_config) by extension 'colcon_pkg'
[0.273s] Level 1:colcon.colcon_core.package_identification:_identify(URDF/mega_robot_1st_moveit_config) by extensions ['colcon_meta']
[0.273s] Level 1:colcon.colcon_core.package_identification:_identify(URDF/mega_robot_1st_moveit_config) by extension 'colcon_meta'
[0.273s] Level 1:colcon.colcon_core.package_identification:_identify(URDF/mega_robot_1st_moveit_config) by extensions ['ros']
[0.273s] Level 1:colcon.colcon_core.package_identification:_identify(URDF/mega_robot_1st_moveit_config) by extension 'ros'
[0.276s] DEBUG:colcon.colcon_core.package_identification:Package 'URDF/mega_robot_1st_moveit_config' with type 'ros.ament_cmake' and name 'mega_robot_1st_moveit_config'
[0.276s] Level 1:colcon.colcon_core.package_identification:_identify(URDF/mega_robot_1st_urdf) by extensions ['ignore', 'ignore_ament_install']
[0.277s] Level 1:colcon.colcon_core.package_identification:_identify(URDF/mega_robot_1st_urdf) by extension 'ignore'
[0.277s] Level 1:colcon.colcon_core.package_identification:_identify(URDF/mega_robot_1st_urdf) by extension 'ignore_ament_install'
[0.277s] Level 1:colcon.colcon_core.package_identification:_identify(URDF/mega_robot_1st_urdf) by extensions ['colcon_pkg']
[0.277s] Level 1:colcon.colcon_core.package_identification:_identify(URDF/mega_robot_1st_urdf) by extension 'colcon_pkg'
[0.277s] Level 1:colcon.colcon_core.package_identification:_identify(URDF/mega_robot_1st_urdf) by extensions ['colcon_meta']
[0.277s] Level 1:colcon.colcon_core.package_identification:_identify(URDF/mega_robot_1st_urdf) by extension 'colcon_meta'
[0.277s] Level 1:colcon.colcon_core.package_identification:_identify(URDF/mega_robot_1st_urdf) by extensions ['ros']
[0.277s] Level 1:colcon.colcon_core.package_identification:_identify(URDF/mega_robot_1st_urdf) by extension 'ros'
[0.277s] DEBUG:colcon.colcon_core.package_identification:Package 'URDF/mega_robot_1st_urdf' with type 'ros.ament_cmake' and name 'mega_robot_1st_urdf'
[0.277s] Level 1:colcon.colcon_core.package_identification:_identify(build) by extensions ['ignore', 'ignore_ament_install']
[0.277s] Level 1:colcon.colcon_core.package_identification:_identify(build) by extension 'ignore'
[0.277s] Level 1:colcon.colcon_core.package_identification:_identify(build) ignored
[0.278s] Level 1:colcon.colcon_core.package_identification:_identify(install) by extensions ['ignore', 'ignore_ament_install']
[0.278s] Level 1:colcon.colcon_core.package_identification:_identify(install) by extension 'ignore'
[0.278s] Level 1:colcon.colcon_core.package_identification:_identify(install) ignored
[0.278s] Level 1:colcon.colcon_core.package_identification:_identify(log) by extensions ['ignore', 'ignore_ament_install']
[0.278s] Level 1:colcon.colcon_core.package_identification:_identify(log) by extension 'ignore'
[0.278s] Level 1:colcon.colcon_core.package_identification:_identify(log) ignored
[0.278s] Level 1:colcon.colcon_core.package_identification:_identify(logs) by extensions ['ignore', 'ignore_ament_install']
[0.278s] Level 1:colcon.colcon_core.package_identification:_identify(logs) by extension 'ignore'
[0.278s] Level 1:colcon.colcon_core.package_identification:_identify(logs) by extension 'ignore_ament_install'
[0.278s] Level 1:colcon.colcon_core.package_identification:_identify(logs) by extensions ['colcon_pkg']
[0.278s] Level 1:colcon.colcon_core.package_identification:_identify(logs) by extension 'colcon_pkg'
[0.278s] Level 1:colcon.colcon_core.package_identification:_identify(logs) by extensions ['colcon_meta']
[0.278s] Level 1:colcon.colcon_core.package_identification:_identify(logs) by extension 'colcon_meta'
[0.278s] Level 1:colcon.colcon_core.package_identification:_identify(logs) by extensions ['ros']
[0.278s] Level 1:colcon.colcon_core.package_identification:_identify(logs) by extension 'ros'
[0.278s] Level 1:colcon.colcon_core.package_identification:_identify(logs) by extensions ['cmake', 'python']
[0.278s] Level 1:colcon.colcon_core.package_identification:_identify(logs) by extension 'cmake'
[0.278s] Level 1:colcon.colcon_core.package_identification:_identify(logs) by extension 'python'
[0.278s] Level 1:colcon.colcon_core.package_identification:_identify(logs) by extensions ['python_setup_py']
[0.278s] Level 1:colcon.colcon_core.package_identification:_identify(logs) by extension 'python_setup_py'
[0.278s] Level 1:colcon.colcon_core.package_identification:_identify(telegrip) by extensions ['ignore', 'ignore_ament_install']
[0.278s] Level 1:colcon.colcon_core.package_identification:_identify(telegrip) by extension 'ignore'
[0.278s] Level 1:colcon.colcon_core.package_identification:_identify(telegrip) by extension 'ignore_ament_install'
[0.278s] Level 1:colcon.colcon_core.package_identification:_identify(telegrip) by extensions ['colcon_pkg']
[0.278s] Level 1:colcon.colcon_core.package_identification:_identify(telegrip) by extension 'colcon_pkg'
[0.278s] Level 1:colcon.colcon_core.package_identification:_identify(telegrip) by extensions ['colcon_meta']
[0.278s] Level 1:colcon.colcon_core.package_identification:_identify(telegrip) by extension 'colcon_meta'
[0.278s] Level 1:colcon.colcon_core.package_identification:_identify(telegrip) by extensions ['ros']
[0.278s] Level 1:colcon.colcon_core.package_identification:_identify(telegrip) by extension 'ros'
[0.278s] Level 1:colcon.colcon_core.package_identification:_identify(telegrip) by extensions ['cmake', 'python']
[0.278s] Level 1:colcon.colcon_core.package_identification:_identify(telegrip) by extension 'cmake'
[0.278s] Level 1:colcon.colcon_core.package_identification:_identify(telegrip) by extension 'python'
[0.278s] Level 1:colcon.colcon_core.package_identification:_identify(telegrip) by extensions ['python_setup_py']
[0.278s] Level 1:colcon.colcon_core.package_identification:_identify(telegrip) by extension 'python_setup_py'
[0.279s] Level 1:colcon.colcon_core.package_identification:_identify(telegrip/__pycache__) by extensions ['ignore', 'ignore_ament_install']
[0.279s] Level 1:colcon.colcon_core.package_identification:_identify(telegrip/__pycache__) by extension 'ignore'
[0.279s] Level 1:colcon.colcon_core.package_identification:_identify(telegrip/__pycache__) by extension 'ignore_ament_install'
[0.279s] Level 1:colcon.colcon_core.package_identification:_identify(telegrip/__pycache__) by extensions ['colcon_pkg']
[0.279s] Level 1:colcon.colcon_core.package_identification:_identify(telegrip/__pycache__) by extension 'colcon_pkg'
[0.279s] Level 1:colcon.colcon_core.package_identification:_identify(telegrip/__pycache__) by extensions ['colcon_meta']
[0.279s] Level 1:colcon.colcon_core.package_identification:_identify(telegrip/__pycache__) by extension 'colcon_meta'
[0.279s] Level 1:colcon.colcon_core.package_identification:_identify(telegrip/__pycache__) by extensions ['ros']
[0.279s] Level 1:colcon.colcon_core.package_identification:_identify(telegrip/__pycache__) by extension 'ros'
[0.279s] Level 1:colcon.colcon_core.package_identification:_identify(telegrip/__pycache__) by extensions ['cmake', 'python']
[0.279s] Level 1:colcon.colcon_core.package_identification:_identify(telegrip/__pycache__) by extension 'cmake'
[0.279s] Level 1:colcon.colcon_core.package_identification:_identify(telegrip/__pycache__) by extension 'python'
[0.279s] Level 1:colcon.colcon_core.package_identification:_identify(telegrip/__pycache__) by extensions ['python_setup_py']
[0.279s] Level 1:colcon.colcon_core.package_identification:_identify(telegrip/__pycache__) by extension 'python_setup_py'
[0.279s] Level 1:colcon.colcon_core.package_identification:_identify(telegrip/core) by extensions ['ignore', 'ignore_ament_install']
[0.279s] Level 1:colcon.colcon_core.package_identification:_identify(telegrip/core) by extension 'ignore'
[0.279s] Level 1:colcon.colcon_core.package_identification:_identify(telegrip/core) by extension 'ignore_ament_install'
[0.279s] Level 1:colcon.colcon_core.package_identification:_identify(telegrip/core) by extensions ['colcon_pkg']
[0.279s] Level 1:colcon.colcon_core.package_identification:_identify(telegrip/core) by extension 'colcon_pkg'
[0.279s] Level 1:colcon.colcon_core.package_identification:_identify(telegrip/core) by extensions ['colcon_meta']
[0.279s] Level 1:colcon.colcon_core.package_identification:_identify(telegrip/core) by extension 'colcon_meta'
[0.279s] Level 1:colcon.colcon_core.package_identification:_identify(telegrip/core) by extensions ['ros']
[0.279s] Level 1:colcon.colcon_core.package_identification:_identify(telegrip/core) by extension 'ros'
[0.279s] Level 1:colcon.colcon_core.package_identification:_identify(telegrip/core) by extensions ['cmake', 'python']
[0.279s] Level 1:colcon.colcon_core.package_identification:_identify(telegrip/core) by extension 'cmake'
[0.279s] Level 1:colcon.colcon_core.package_identification:_identify(telegrip/core) by extension 'python'
[0.279s] Level 1:colcon.colcon_core.package_identification:_identify(telegrip/core) by extensions ['python_setup_py']
[0.279s] Level 1:colcon.colcon_core.package_identification:_identify(telegrip/core) by extension 'python_setup_py'
[0.279s] Level 1:colcon.colcon_core.package_identification:_identify(telegrip/core/__pycache__) by extensions ['ignore', 'ignore_ament_install']
[0.279s] Level 1:colcon.colcon_core.package_identification:_identify(telegrip/core/__pycache__) by extension 'ignore'
[0.279s] Level 1:colcon.colcon_core.package_identification:_identify(telegrip/core/__pycache__) by extension 'ignore_ament_install'
[0.279s] Level 1:colcon.colcon_core.package_identification:_identify(telegrip/core/__pycache__) by extensions ['colcon_pkg']
[0.279s] Level 1:colcon.colcon_core.package_identification:_identify(telegrip/core/__pycache__) by extension 'colcon_pkg'
[0.279s] Level 1:colcon.colcon_core.package_identification:_identify(telegrip/core/__pycache__) by extensions ['colcon_meta']
[0.279s] Level 1:colcon.colcon_core.package_identification:_identify(telegrip/core/__pycache__) by extension 'colcon_meta'
[0.279s] Level 1:colcon.colcon_core.package_identification:_identify(telegrip/core/__pycache__) by extensions ['ros']
[0.279s] Level 1:colcon.colcon_core.package_identification:_identify(telegrip/core/__pycache__) by extension 'ros'
[0.279s] Level 1:colcon.colcon_core.package_identification:_identify(telegrip/core/__pycache__) by extensions ['cmake', 'python']
[0.279s] Level 1:colcon.colcon_core.package_identification:_identify(telegrip/core/__pycache__) by extension 'cmake'
[0.279s] Level 1:colcon.colcon_core.package_identification:_identify(telegrip/core/__pycache__) by extension 'python'
[0.280s] Level 1:colcon.colcon_core.package_identification:_identify(telegrip/core/__pycache__) by extensions ['python_setup_py']
[0.280s] Level 1:colcon.colcon_core.package_identification:_identify(telegrip/core/__pycache__) by extension 'python_setup_py'
[0.280s] Level 1:colcon.colcon_core.package_identification:_identify(telegrip/inputs) by extensions ['ignore', 'ignore_ament_install']
[0.280s] Level 1:colcon.colcon_core.package_identification:_identify(telegrip/inputs) by extension 'ignore'
[0.280s] Level 1:colcon.colcon_core.package_identification:_identify(telegrip/inputs) by extension 'ignore_ament_install'
[0.280s] Level 1:colcon.colcon_core.package_identification:_identify(telegrip/inputs) by extensions ['colcon_pkg']
[0.280s] Level 1:colcon.colcon_core.package_identification:_identify(telegrip/inputs) by extension 'colcon_pkg'
[0.280s] Level 1:colcon.colcon_core.package_identification:_identify(telegrip/inputs) by extensions ['colcon_meta']
[0.280s] Level 1:colcon.colcon_core.package_identification:_identify(telegrip/inputs) by extension 'colcon_meta'
[0.280s] Level 1:colcon.colcon_core.package_identification:_identify(telegrip/inputs) by extensions ['ros']
[0.280s] Level 1:colcon.colcon_core.package_identification:_identify(telegrip/inputs) by extension 'ros'
[0.280s] Level 1:colcon.colcon_core.package_identification:_identify(telegrip/inputs) by extensions ['cmake', 'python']
[0.280s] Level 1:colcon.colcon_core.package_identification:_identify(telegrip/inputs) by extension 'cmake'
[0.280s] Level 1:colcon.colcon_core.package_identification:_identify(telegrip/inputs) by extension 'python'
[0.280s] Level 1:colcon.colcon_core.package_identification:_identify(telegrip/inputs) by extensions ['python_setup_py']
[0.280s] Level 1:colcon.colcon_core.package_identification:_identify(telegrip/inputs) by extension 'python_setup_py'
[0.280s] Level 1:colcon.colcon_core.package_identification:_identify(telegrip/inputs/__pycache__) by extensions ['ignore', 'ignore_ament_install']
[0.280s] Level 1:colcon.colcon_core.package_identification:_identify(telegrip/inputs/__pycache__) by extension 'ignore'
[0.280s] Level 1:colcon.colcon_core.package_identification:_identify(telegrip/inputs/__pycache__) by extension 'ignore_ament_install'
[0.280s] Level 1:colcon.colcon_core.package_identification:_identify(telegrip/inputs/__pycache__) by extensions ['colcon_pkg']
[0.280s] Level 1:colcon.colcon_core.package_identification:_identify(telegrip/inputs/__pycache__) by extension 'colcon_pkg'
[0.280s] Level 1:colcon.colcon_core.package_identification:_identify(telegrip/inputs/__pycache__) by extensions ['colcon_meta']
[0.280s] Level 1:colcon.colcon_core.package_identification:_identify(telegrip/inputs/__pycache__) by extension 'colcon_meta'
[0.280s] Level 1:colcon.colcon_core.package_identification:_identify(telegrip/inputs/__pycache__) by extensions ['ros']
[0.280s] Level 1:colcon.colcon_core.package_identification:_identify(telegrip/inputs/__pycache__) by extension 'ros'
[0.280s] Level 1:colcon.colcon_core.package_identification:_identify(telegrip/inputs/__pycache__) by extensions ['cmake', 'python']
[0.280s] Level 1:colcon.colcon_core.package_identification:_identify(telegrip/inputs/__pycache__) by extension 'cmake'
[0.280s] Level 1:colcon.colcon_core.package_identification:_identify(telegrip/inputs/__pycache__) by extension 'python'
[0.280s] Level 1:colcon.colcon_core.package_identification:_identify(telegrip/inputs/__pycache__) by extensions ['python_setup_py']
[0.280s] Level 1:colcon.colcon_core.package_identification:_identify(telegrip/inputs/__pycache__) by extension 'python_setup_py'
[0.280s] Level 1:colcon.colcon_core.package_identification:_identify(telegrip.egg-info) by extensions ['ignore', 'ignore_ament_install']
[0.280s] Level 1:colcon.colcon_core.package_identification:_identify(telegrip.egg-info) by extension 'ignore'
[0.280s] Level 1:colcon.colcon_core.package_identification:_identify(telegrip.egg-info) by extension 'ignore_ament_install'
[0.280s] Level 1:colcon.colcon_core.package_identification:_identify(telegrip.egg-info) by extensions ['colcon_pkg']
[0.280s] Level 1:colcon.colcon_core.package_identification:_identify(telegrip.egg-info) by extension 'colcon_pkg'
[0.280s] Level 1:colcon.colcon_core.package_identification:_identify(telegrip.egg-info) by extensions ['colcon_meta']
[0.280s] Level 1:colcon.colcon_core.package_identification:_identify(telegrip.egg-info) by extension 'colcon_meta'
[0.280s] Level 1:colcon.colcon_core.package_identification:_identify(telegrip.egg-info) by extensions ['ros']
[0.280s] Level 1:colcon.colcon_core.package_identification:_identify(telegrip.egg-info) by extension 'ros'
[0.281s] Level 1:colcon.colcon_core.package_identification:_identify(telegrip.egg-info) by extensions ['cmake', 'python']
[0.281s] Level 1:colcon.colcon_core.package_identification:_identify(telegrip.egg-info) by extension 'cmake'
[0.281s] Level 1:colcon.colcon_core.package_identification:_identify(telegrip.egg-info) by extension 'python'
[0.281s] Level 1:colcon.colcon_core.package_identification:_identify(telegrip.egg-info) by extensions ['python_setup_py']
[0.281s] Level 1:colcon.colcon_core.package_identification:_identify(telegrip.egg-info) by extension 'python_setup_py'
[0.281s] Level 1:colcon.colcon_core.package_identification:_identify(web-ui) by extensions ['ignore', 'ignore_ament_install']
[0.281s] Level 1:colcon.colcon_core.package_identification:_identify(web-ui) by extension 'ignore'
[0.281s] Level 1:colcon.colcon_core.package_identification:_identify(web-ui) by extension 'ignore_ament_install'
[0.281s] Level 1:colcon.colcon_core.package_identification:_identify(web-ui) by extensions ['colcon_pkg']
[0.281s] Level 1:colcon.colcon_core.package_identification:_identify(web-ui) by extension 'colcon_pkg'
[0.281s] Level 1:colcon.colcon_core.package_identification:_identify(web-ui) by extensions ['colcon_meta']
[0.281s] Level 1:colcon.colcon_core.package_identification:_identify(web-ui) by extension 'colcon_meta'
[0.281s] Level 1:colcon.colcon_core.package_identification:_identify(web-ui) by extensions ['ros']
[0.281s] Level 1:colcon.colcon_core.package_identification:_identify(web-ui) by extension 'ros'
[0.281s] Level 1:colcon.colcon_core.package_identification:_identify(web-ui) by extensions ['cmake', 'python']
[0.281s] Level 1:colcon.colcon_core.package_identification:_identify(web-ui) by extension 'cmake'
[0.281s] Level 1:colcon.colcon_core.package_identification:_identify(web-ui) by extension 'python'
[0.281s] Level 1:colcon.colcon_core.package_identification:_identify(web-ui) by extensions ['python_setup_py']
[0.281s] Level 1:colcon.colcon_core.package_identification:_identify(web-ui) by extension 'python_setup_py'
[0.281s] Level 1:colcon.colcon_core.package_identification:_identify(web-ui/media) by extensions ['ignore', 'ignore_ament_install']
[0.281s] Level 1:colcon.colcon_core.package_identification:_identify(web-ui/media) by extension 'ignore'
[0.281s] Level 1:colcon.colcon_core.package_identification:_identify(web-ui/media) by extension 'ignore_ament_install'
[0.281s] Level 1:colcon.colcon_core.package_identification:_identify(web-ui/media) by extensions ['colcon_pkg']
[0.281s] Level 1:colcon.colcon_core.package_identification:_identify(web-ui/media) by extension 'colcon_pkg'
[0.281s] Level 1:colcon.colcon_core.package_identification:_identify(web-ui/media) by extensions ['colcon_meta']
[0.281s] Level 1:colcon.colcon_core.package_identification:_identify(web-ui/media) by extension 'colcon_meta'
[0.281s] Level 1:colcon.colcon_core.package_identification:_identify(web-ui/media) by extensions ['ros']
[0.281s] Level 1:colcon.colcon_core.package_identification:_identify(web-ui/media) by extension 'ros'
[0.281s] Level 1:colcon.colcon_core.package_identification:_identify(web-ui/media) by extensions ['cmake', 'python']
[0.281s] Level 1:colcon.colcon_core.package_identification:_identify(web-ui/media) by extension 'cmake'
[0.281s] Level 1:colcon.colcon_core.package_identification:_identify(web-ui/media) by extension 'python'
[0.281s] Level 1:colcon.colcon_core.package_identification:_identify(web-ui/media) by extensions ['python_setup_py']
[0.281s] Level 1:colcon.colcon_core.package_identification:_identify(web-ui/media) by extension 'python_setup_py'
[0.281s] Level 1:colcon.colcon_core.package_discovery:discover_packages(recursive) using defaults
[0.281s] Level 1:colcon.colcon_core.package_discovery:discover_packages(ignore) discover
[0.281s] Level 1:colcon.colcon_core.package_discovery:discover_packages(ignore) using defaults
[0.281s] Level 1:colcon.colcon_core.package_discovery:discover_packages(path) discover
[0.281s] Level 1:colcon.colcon_core.package_discovery:discover_packages(path) using defaults
[0.298s] Level 1:colcon.colcon_core.package_discovery:discover_packages(prefix_path) check parameters
[0.298s] Level 1:colcon.colcon_core.package_discovery:discover_packages(prefix_path) discover
[0.300s] DEBUG:colcon.colcon_installed_package_information.package_discovery:Found 5 installed packages in /home/andy/ros2_ws/install
[0.300s] DEBUG:colcon.colcon_installed_package_information.package_discovery:Found 1 installed packages in /home/andy/ros2_ws/src/install
[0.301s] DEBUG:colcon.colcon_installed_package_information.package_discovery:Found 395 installed packages in /opt/ros/humble
[0.302s] Level 1:colcon.colcon_core.package_discovery:discover_packages(prefix_path) using defaults
[0.334s] Level 5:colcon.colcon_core.verb:set package 'mega_robot_1st_urdf' build argument 'cmake_args' from command line to 'None'
[0.334s] Level 5:colcon.colcon_core.verb:set package 'mega_robot_1st_urdf' build argument 'cmake_target' from command line to 'None'
[0.334s] Level 5:colcon.colcon_core.verb:set package 'mega_robot_1st_urdf' build argument 'cmake_target_skip_unavailable' from command line to 'False'
[0.334s] Level 5:colcon.colcon_core.verb:set package 'mega_robot_1st_urdf' build argument 'cmake_clean_cache' from command line to 'False'
[0.334s] Level 5:colcon.colcon_core.verb:set package 'mega_robot_1st_urdf' build argument 'cmake_clean_first' from command line to 'False'
[0.334s] Level 5:colcon.colcon_core.verb:set package 'mega_robot_1st_urdf' build argument 'cmake_force_configure' from command line to 'False'
[0.334s] Level 5:colcon.colcon_core.verb:set package 'mega_robot_1st_urdf' build argument 'ament_cmake_args' from command line to 'None'
[0.334s] Level 5:colcon.colcon_core.verb:set package 'mega_robot_1st_urdf' build argument 'catkin_cmake_args' from command line to 'None'
[0.335s] Level 5:colcon.colcon_core.verb:set package 'mega_robot_1st_urdf' build argument 'catkin_skip_building_tests' from command line to 'False'
[0.335s] DEBUG:colcon.colcon_core.verb:Building package 'mega_robot_1st_urdf' with the following arguments: {'ament_cmake_args': None, 'build_base': '/home/andy/teleOp/telegrip/build/mega_robot_1st_urdf', 'catkin_cmake_args': None, 'catkin_skip_building_tests': False, 'cmake_args': None, 'cmake_clean_cache': False, 'cmake_clean_first': False, 'cmake_force_configure': False, 'cmake_target': None, 'cmake_target_skip_unavailable': False, 'install_base': '/home/andy/teleOp/telegrip/install/mega_robot_1st_urdf', 'merge_install': False, 'path': '/home/andy/teleOp/telegrip/URDF/mega_robot_1st_urdf', 'symlink_install': True, 'test_result_base': None}
[0.335s] Level 5:colcon.colcon_core.verb:set package 'mega_robot_1st_moveit_config' build argument 'cmake_args' from command line to 'None'
[0.335s] Level 5:colcon.colcon_core.verb:set package 'mega_robot_1st_moveit_config' build argument 'cmake_target' from command line to 'None'
[0.335s] Level 5:colcon.colcon_core.verb:set package 'mega_robot_1st_moveit_config' build argument 'cmake_target_skip_unavailable' from command line to 'False'
[0.335s] Level 5:colcon.colcon_core.verb:set package 'mega_robot_1st_moveit_config' build argument 'cmake_clean_cache' from command line to 'False'
[0.335s] Level 5:colcon.colcon_core.verb:set package 'mega_robot_1st_moveit_config' build argument 'cmake_clean_first' from command line to 'False'
[0.335s] Level 5:colcon.colcon_core.verb:set package 'mega_robot_1st_moveit_config' build argument 'cmake_force_configure' from command line to 'False'
[0.335s] Level 5:colcon.colcon_core.verb:set package 'mega_robot_1st_moveit_config' build argument 'ament_cmake_args' from command line to 'None'
[0.335s] Level 5:colcon.colcon_core.verb:set package 'mega_robot_1st_moveit_config' build argument 'catkin_cmake_args' from command line to 'None'
[0.335s] Level 5:colcon.colcon_core.verb:set package 'mega_robot_1st_moveit_config' build argument 'catkin_skip_building_tests' from command line to 'False'
[0.335s] DEBUG:colcon.colcon_core.verb:Building package 'mega_robot_1st_moveit_config' with the following arguments: {'ament_cmake_args': None, 'build_base': '/home/andy/teleOp/telegrip/build/mega_robot_1st_moveit_config', 'catkin_cmake_args': None, 'catkin_skip_building_tests': False, 'cmake_args': None, 'cmake_clean_cache': False, 'cmake_clean_first': False, 'cmake_force_configure': False, 'cmake_target': None, 'cmake_target_skip_unavailable': False, 'install_base': '/home/andy/teleOp/telegrip/install/mega_robot_1st_moveit_config', 'merge_install': False, 'path': '/home/andy/teleOp/telegrip/URDF/mega_robot_1st_moveit_config', 'symlink_install': True, 'test_result_base': None}
[0.335s] INFO:colcon.colcon_core.executor:Executing jobs using 'parallel' executor
[0.336s] DEBUG:colcon.colcon_parallel_executor.executor.parallel:run_until_complete
[0.336s] INFO:colcon.colcon_ros.task.ament_cmake.build:Building ROS package in '/home/andy/teleOp/telegrip/URDF/mega_robot_1st_urdf' with build type 'ament_cmake'
[0.336s] INFO:colcon.colcon_cmake.task.cmake.build:Building CMake package in '/home/andy/teleOp/telegrip/URDF/mega_robot_1st_urdf'
[0.338s] INFO:colcon.colcon_core.plugin_system:Skipping extension 'colcon_core.shell.bat': Not used on non-Windows systems
[0.338s] INFO:colcon.colcon_core.shell:Skip shell extension 'powershell' for command environment: Not usable outside of PowerShell
[0.338s] DEBUG:colcon.colcon_core.shell:Skip shell extension 'dsv' for command environment
[0.345s] DEBUG:colcon.colcon_core.event_handler.log_command:Invoking command in '/home/andy/teleOp/telegrip/build/mega_robot_1st_urdf': /usr/bin/cmake /home/andy/teleOp/telegrip/URDF/mega_robot_1st_urdf -DAMENT_CMAKE_SYMLINK_INSTALL=1 -DCMAKE_INSTALL_PREFIX=/home/andy/teleOp/telegrip/install/mega_robot_1st_urdf
[0.916s] DEBUG:colcon.colcon_core.event_handler.log_command:Invoked command in '/home/andy/teleOp/telegrip/build/mega_robot_1st_urdf' returned '0': /usr/bin/cmake /home/andy/teleOp/telegrip/URDF/mega_robot_1st_urdf -DAMENT_CMAKE_SYMLINK_INSTALL=1 -DCMAKE_INSTALL_PREFIX=/home/andy/teleOp/telegrip/install/mega_robot_1st_urdf
[0.918s] DEBUG:colcon.colcon_core.event_handler.log_command:Invoking command in '/home/andy/teleOp/telegrip/build/mega_robot_1st_urdf': /usr/bin/cmake --build /home/andy/teleOp/telegrip/build/mega_robot_1st_urdf -- -j32 -l32
[0.952s] DEBUG:colcon.colcon_core.event_handler.log_command:Invoked command in '/home/andy/teleOp/telegrip/build/mega_robot_1st_urdf' returned '0': /usr/bin/cmake --build /home/andy/teleOp/telegrip/build/mega_robot_1st_urdf -- -j32 -l32
[0.963s] DEBUG:colcon.colcon_core.event_handler.log_command:Invoking command in '/home/andy/teleOp/telegrip/build/mega_robot_1st_urdf': /usr/bin/cmake --install /home/andy/teleOp/telegrip/build/mega_robot_1st_urdf
[1.324s] Level 1:colcon.colcon_core.environment:create_environment_scripts_only(mega_robot_1st_urdf)
[1.325s] DEBUG:colcon.colcon_core.event_handler.log_command:Invoked command in '/home/andy/teleOp/telegrip/build/mega_robot_1st_urdf' returned '0': /usr/bin/cmake --install /home/andy/teleOp/telegrip/build/mega_robot_1st_urdf
[1.332s] Level 1:colcon.colcon_core.environment:checking '/home/andy/teleOp/telegrip/install/mega_robot_1st_urdf' for CMake module files
[1.332s] Level 1:colcon.colcon_core.environment:checking '/home/andy/teleOp/telegrip/install/mega_robot_1st_urdf' for CMake config files
[1.333s] Level 1:colcon.colcon_core.shell:create_environment_hook('mega_robot_1st_urdf', 'cmake_prefix_path')
[1.333s] INFO:colcon.colcon_core.shell:Creating environment hook '/home/andy/teleOp/telegrip/install/mega_robot_1st_urdf/share/mega_robot_1st_urdf/hook/cmake_prefix_path.ps1'
[1.334s] INFO:colcon.colcon_core.shell:Creating environment descriptor '/home/andy/teleOp/telegrip/install/mega_robot_1st_urdf/share/mega_robot_1st_urdf/hook/cmake_prefix_path.dsv'
[1.335s] INFO:colcon.colcon_core.shell:Creating environment hook '/home/andy/teleOp/telegrip/install/mega_robot_1st_urdf/share/mega_robot_1st_urdf/hook/cmake_prefix_path.sh'
[1.336s] Level 1:colcon.colcon_core.environment:checking '/home/andy/teleOp/telegrip/install/mega_robot_1st_urdf/bin'
[1.336s] Level 1:colcon.colcon_core.environment:checking '/home/andy/teleOp/telegrip/install/mega_robot_1st_urdf/lib/pkgconfig/mega_robot_1st_urdf.pc'
[1.337s] Level 1:colcon.colcon_core.environment:checking '/home/andy/teleOp/telegrip/install/mega_robot_1st_urdf/lib/python3.10/site-packages'
[1.337s] Level 1:colcon.colcon_core.environment:checking '/home/andy/teleOp/telegrip/install/mega_robot_1st_urdf/bin'
[1.338s] INFO:colcon.colcon_core.shell:Creating package script '/home/andy/teleOp/telegrip/install/mega_robot_1st_urdf/share/mega_robot_1st_urdf/package.ps1'
[1.340s] INFO:colcon.colcon_core.shell:Creating package descriptor '/home/andy/teleOp/telegrip/install/mega_robot_1st_urdf/share/mega_robot_1st_urdf/package.dsv'
[1.341s] INFO:colcon.colcon_core.shell:Creating package script '/home/andy/teleOp/telegrip/install/mega_robot_1st_urdf/share/mega_robot_1st_urdf/package.sh'
[1.343s] INFO:colcon.colcon_core.shell:Creating package script '/home/andy/teleOp/telegrip/install/mega_robot_1st_urdf/share/mega_robot_1st_urdf/package.bash'
[1.344s] INFO:colcon.colcon_core.shell:Creating package script '/home/andy/teleOp/telegrip/install/mega_robot_1st_urdf/share/mega_robot_1st_urdf/package.zsh'
[1.345s] Level 1:colcon.colcon_core.environment:create_file_with_runtime_dependencies(/home/andy/teleOp/telegrip/install/mega_robot_1st_urdf/share/colcon-core/packages/mega_robot_1st_urdf)
[1.345s] Level 1:colcon.colcon_core.environment:create_environment_scripts_only(mega_robot_1st_urdf)
[1.345s] Level 1:colcon.colcon_core.environment:checking '/home/andy/teleOp/telegrip/install/mega_robot_1st_urdf' for CMake module files
[1.346s] Level 1:colcon.colcon_core.environment:checking '/home/andy/teleOp/telegrip/install/mega_robot_1st_urdf' for CMake config files
[1.346s] Level 1:colcon.colcon_core.shell:create_environment_hook('mega_robot_1st_urdf', 'cmake_prefix_path')
[1.346s] INFO:colcon.colcon_core.shell:Creating environment hook '/home/andy/teleOp/telegrip/install/mega_robot_1st_urdf/share/mega_robot_1st_urdf/hook/cmake_prefix_path.ps1'
[1.346s] INFO:colcon.colcon_core.shell:Creating environment descriptor '/home/andy/teleOp/telegrip/install/mega_robot_1st_urdf/share/mega_robot_1st_urdf/hook/cmake_prefix_path.dsv'
[1.346s] INFO:colcon.colcon_core.shell:Creating environment hook '/home/andy/teleOp/telegrip/install/mega_robot_1st_urdf/share/mega_robot_1st_urdf/hook/cmake_prefix_path.sh'
[1.347s] Level 1:colcon.colcon_core.environment:checking '/home/andy/teleOp/telegrip/install/mega_robot_1st_urdf/bin'
[1.347s] Level 1:colcon.colcon_core.environment:checking '/home/andy/teleOp/telegrip/install/mega_robot_1st_urdf/lib/pkgconfig/mega_robot_1st_urdf.pc'
[1.347s] Level 1:colcon.colcon_core.environment:checking '/home/andy/teleOp/telegrip/install/mega_robot_1st_urdf/lib/python3.10/site-packages'
[1.347s] Level 1:colcon.colcon_core.environment:checking '/home/andy/teleOp/telegrip/install/mega_robot_1st_urdf/bin'
[1.348s] INFO:colcon.colcon_core.shell:Creating package script '/home/andy/teleOp/telegrip/install/mega_robot_1st_urdf/share/mega_robot_1st_urdf/package.ps1'
[1.348s] INFO:colcon.colcon_core.shell:Creating package descriptor '/home/andy/teleOp/telegrip/install/mega_robot_1st_urdf/share/mega_robot_1st_urdf/package.dsv'
[1.348s] INFO:colcon.colcon_core.shell:Creating package script '/home/andy/teleOp/telegrip/install/mega_robot_1st_urdf/share/mega_robot_1st_urdf/package.sh'
[1.349s] INFO:colcon.colcon_core.shell:Creating package script '/home/andy/teleOp/telegrip/install/mega_robot_1st_urdf/share/mega_robot_1st_urdf/package.bash'
[1.349s] INFO:colcon.colcon_core.shell:Creating package script '/home/andy/teleOp/telegrip/install/mega_robot_1st_urdf/share/mega_robot_1st_urdf/package.zsh'
[1.349s] Level 1:colcon.colcon_core.environment:create_file_with_runtime_dependencies(/home/andy/teleOp/telegrip/install/mega_robot_1st_urdf/share/colcon-core/packages/mega_robot_1st_urdf)
[1.350s] INFO:colcon.colcon_ros.task.ament_cmake.build:Building ROS package in '/home/andy/teleOp/telegrip/URDF/mega_robot_1st_moveit_config' with build type 'ament_cmake'
[1.350s] INFO:colcon.colcon_cmake.task.cmake.build:Building CMake package in '/home/andy/teleOp/telegrip/URDF/mega_robot_1st_moveit_config'
[1.350s] INFO:colcon.colcon_core.shell:Skip shell extension 'powershell' for command environment: Not usable outside of PowerShell
[1.350s] DEBUG:colcon.colcon_core.shell:Skip shell extension 'dsv' for command environment
[1.362s] DEBUG:colcon.colcon_core.event_handler.log_command:Invoking command in '/home/andy/teleOp/telegrip/build/mega_robot_1st_moveit_config': AMENT_PREFIX_PATH=/home/andy/teleOp/telegrip/install/mega_robot_1st_urdf:${AMENT_PREFIX_PATH} CMAKE_PREFIX_PATH=/home/andy/teleOp/telegrip/install/mega_robot_1st_urdf:${CMAKE_PREFIX_PATH} /usr/bin/cmake /home/andy/teleOp/telegrip/URDF/mega_robot_1st_moveit_config -DAMENT_CMAKE_SYMLINK_INSTALL=1 -DCMAKE_INSTALL_PREFIX=/home/andy/teleOp/telegrip/install/mega_robot_1st_moveit_config
[1.945s] DEBUG:colcon.colcon_core.event_handler.log_command:Invoked command in '/home/andy/teleOp/telegrip/build/mega_robot_1st_moveit_config' returned '0': AMENT_PREFIX_PATH=/home/andy/teleOp/telegrip/install/mega_robot_1st_urdf:${AMENT_PREFIX_PATH} CMAKE_PREFIX_PATH=/home/andy/teleOp/telegrip/install/mega_robot_1st_urdf:${CMAKE_PREFIX_PATH} /usr/bin/cmake /home/andy/teleOp/telegrip/URDF/mega_robot_1st_moveit_config -DAMENT_CMAKE_SYMLINK_INSTALL=1 -DCMAKE_INSTALL_PREFIX=/home/andy/teleOp/telegrip/install/mega_robot_1st_moveit_config
[1.945s] DEBUG:colcon.colcon_core.event_handler.log_command:Invoking command in '/home/andy/teleOp/telegrip/build/mega_robot_1st_moveit_config': AMENT_PREFIX_PATH=/home/andy/teleOp/telegrip/install/mega_robot_1st_urdf:${AMENT_PREFIX_PATH} CMAKE_PREFIX_PATH=/home/andy/teleOp/telegrip/install/mega_robot_1st_urdf:${CMAKE_PREFIX_PATH} /usr/bin/cmake --build /home/andy/teleOp/telegrip/build/mega_robot_1st_moveit_config -- -j32 -l32
[1.981s] DEBUG:colcon.colcon_core.event_handler.log_command:Invoked command in '/home/andy/teleOp/telegrip/build/mega_robot_1st_moveit_config' returned '0': AMENT_PREFIX_PATH=/home/andy/teleOp/telegrip/install/mega_robot_1st_urdf:${AMENT_PREFIX_PATH} CMAKE_PREFIX_PATH=/home/andy/teleOp/telegrip/install/mega_robot_1st_urdf:${CMAKE_PREFIX_PATH} /usr/bin/cmake --build /home/andy/teleOp/telegrip/build/mega_robot_1st_moveit_config -- -j32 -l32
[1.984s] DEBUG:colcon.colcon_core.event_handler.log_command:Invoking command in '/home/andy/teleOp/telegrip/build/mega_robot_1st_moveit_config': AMENT_PREFIX_PATH=/home/andy/teleOp/telegrip/install/mega_robot_1st_urdf:${AMENT_PREFIX_PATH} CMAKE_PREFIX_PATH=/home/andy/teleOp/telegrip/install/mega_robot_1st_urdf:${CMAKE_PREFIX_PATH} /usr/bin/cmake --install /home/andy/teleOp/telegrip/build/mega_robot_1st_moveit_config
[2.215s] Level 1:colcon.colcon_core.environment:create_environment_scripts_only(mega_robot_1st_moveit_config)
[2.215s] Level 1:colcon.colcon_core.environment:checking '/home/andy/teleOp/telegrip/install/mega_robot_1st_moveit_config' for CMake module files
[2.216s] DEBUG:colcon.colcon_core.event_handler.log_command:Invoked command in '/home/andy/teleOp/telegrip/build/mega_robot_1st_moveit_config' returned '0': AMENT_PREFIX_PATH=/home/andy/teleOp/telegrip/install/mega_robot_1st_urdf:${AMENT_PREFIX_PATH} CMAKE_PREFIX_PATH=/home/andy/teleOp/telegrip/install/mega_robot_1st_urdf:${CMAKE_PREFIX_PATH} /usr/bin/cmake --install /home/andy/teleOp/telegrip/build/mega_robot_1st_moveit_config
[2.216s] Level 1:colcon.colcon_core.environment:checking '/home/andy/teleOp/telegrip/install/mega_robot_1st_moveit_config' for CMake config files
[2.216s] Level 1:colcon.colcon_core.shell:create_environment_hook('mega_robot_1st_moveit_config', 'cmake_prefix_path')
[2.216s] INFO:colcon.colcon_core.shell:Creating environment hook '/home/andy/teleOp/telegrip/install/mega_robot_1st_moveit_config/share/mega_robot_1st_moveit_config/hook/cmake_prefix_path.ps1'
[2.217s] INFO:colcon.colcon_core.shell:Creating environment descriptor '/home/andy/teleOp/telegrip/install/mega_robot_1st_moveit_config/share/mega_robot_1st_moveit_config/hook/cmake_prefix_path.dsv'
[2.217s] INFO:colcon.colcon_core.shell:Creating environment hook '/home/andy/teleOp/telegrip/install/mega_robot_1st_moveit_config/share/mega_robot_1st_moveit_config/hook/cmake_prefix_path.sh'
[2.217s] Level 1:colcon.colcon_core.environment:checking '/home/andy/teleOp/telegrip/install/mega_robot_1st_moveit_config/bin'
[2.217s] Level 1:colcon.colcon_core.environment:checking '/home/andy/teleOp/telegrip/install/mega_robot_1st_moveit_config/lib/pkgconfig/mega_robot_1st_moveit_config.pc'
[2.218s] Level 1:colcon.colcon_core.environment:checking '/home/andy/teleOp/telegrip/install/mega_robot_1st_moveit_config/lib/python3.10/site-packages'
[2.218s] Level 1:colcon.colcon_core.environment:checking '/home/andy/teleOp/telegrip/install/mega_robot_1st_moveit_config/bin'
[2.218s] INFO:colcon.colcon_core.shell:Creating package script '/home/andy/teleOp/telegrip/install/mega_robot_1st_moveit_config/share/mega_robot_1st_moveit_config/package.ps1'
[2.219s] INFO:colcon.colcon_core.shell:Creating package descriptor '/home/andy/teleOp/telegrip/install/mega_robot_1st_moveit_config/share/mega_robot_1st_moveit_config/package.dsv'
[2.219s] INFO:colcon.colcon_core.shell:Creating package script '/home/andy/teleOp/telegrip/install/mega_robot_1st_moveit_config/share/mega_robot_1st_moveit_config/package.sh'
[2.219s] INFO:colcon.colcon_core.shell:Creating package script '/home/andy/teleOp/telegrip/install/mega_robot_1st_moveit_config/share/mega_robot_1st_moveit_config/package.bash'
[2.219s] INFO:colcon.colcon_core.shell:Creating package script '/home/andy/teleOp/telegrip/install/mega_robot_1st_moveit_config/share/mega_robot_1st_moveit_config/package.zsh'
[2.220s] Level 1:colcon.colcon_core.environment:create_file_with_runtime_dependencies(/home/andy/teleOp/telegrip/install/mega_robot_1st_moveit_config/share/colcon-core/packages/mega_robot_1st_moveit_config)
[2.220s] Level 1:colcon.colcon_core.environment:create_environment_scripts_only(mega_robot_1st_moveit_config)
[2.220s] Level 1:colcon.colcon_core.environment:checking '/home/andy/teleOp/telegrip/install/mega_robot_1st_moveit_config' for CMake module files
[2.220s] Level 1:colcon.colcon_core.environment:checking '/home/andy/teleOp/telegrip/install/mega_robot_1st_moveit_config' for CMake config files
[2.221s] Level 1:colcon.colcon_core.shell:create_environment_hook('mega_robot_1st_moveit_config', 'cmake_prefix_path')
[2.221s] INFO:colcon.colcon_core.shell:Creating environment hook '/home/andy/teleOp/telegrip/install/mega_robot_1st_moveit_config/share/mega_robot_1st_moveit_config/hook/cmake_prefix_path.ps1'
[2.221s] INFO:colcon.colcon_core.shell:Creating environment descriptor '/home/andy/teleOp/telegrip/install/mega_robot_1st_moveit_config/share/mega_robot_1st_moveit_config/hook/cmake_prefix_path.dsv'
[2.221s] INFO:colcon.colcon_core.shell:Creating environment hook '/home/andy/teleOp/telegrip/install/mega_robot_1st_moveit_config/share/mega_robot_1st_moveit_config/hook/cmake_prefix_path.sh'
[2.222s] Level 1:colcon.colcon_core.environment:checking '/home/andy/teleOp/telegrip/install/mega_robot_1st_moveit_config/bin'
[2.222s] Level 1:colcon.colcon_core.environment:checking '/home/andy/teleOp/telegrip/install/mega_robot_1st_moveit_config/lib/pkgconfig/mega_robot_1st_moveit_config.pc'
[2.222s] Level 1:colcon.colcon_core.environment:checking '/home/andy/teleOp/telegrip/install/mega_robot_1st_moveit_config/lib/python3.10/site-packages'
[2.222s] Level 1:colcon.colcon_core.environment:checking '/home/andy/teleOp/telegrip/install/mega_robot_1st_moveit_config/bin'
[2.222s] INFO:colcon.colcon_core.shell:Creating package script '/home/andy/teleOp/telegrip/install/mega_robot_1st_moveit_config/share/mega_robot_1st_moveit_config/package.ps1'
[2.223s] INFO:colcon.colcon_core.shell:Creating package descriptor '/home/andy/teleOp/telegrip/install/mega_robot_1st_moveit_config/share/mega_robot_1st_moveit_config/package.dsv'
[2.223s] INFO:colcon.colcon_core.shell:Creating package script '/home/andy/teleOp/telegrip/install/mega_robot_1st_moveit_config/share/mega_robot_1st_moveit_config/package.sh'
[2.223s] INFO:colcon.colcon_core.shell:Creating package script '/home/andy/teleOp/telegrip/install/mega_robot_1st_moveit_config/share/mega_robot_1st_moveit_config/package.bash'
[2.224s] INFO:colcon.colcon_core.shell:Creating package script '/home/andy/teleOp/telegrip/install/mega_robot_1st_moveit_config/share/mega_robot_1st_moveit_config/package.zsh'
[2.224s] Level 1:colcon.colcon_core.environment:create_file_with_runtime_dependencies(/home/andy/teleOp/telegrip/install/mega_robot_1st_moveit_config/share/colcon-core/packages/mega_robot_1st_moveit_config)
[2.224s] DEBUG:colcon.colcon_parallel_executor.executor.parallel:closing loop
[2.224s] DEBUG:colcon.colcon_parallel_executor.executor.parallel:loop closed
[2.224s] DEBUG:colcon.colcon_parallel_executor.executor.parallel:run_until_complete finished with '0'
[2.225s] DEBUG:colcon.colcon_core.event_reactor:joining thread
[2.233s] INFO:colcon.colcon_core.plugin_system:Skipping extension 'colcon_notification.desktop_notification.terminal_notifier': Not used on non-Darwin systems
[2.233s] INFO:colcon.colcon_core.plugin_system:Skipping extension 'colcon_notification.desktop_notification.win32': Not used on non-Windows systems
[2.233s] INFO:colcon.colcon_notification.desktop_notification:Sending desktop notification using 'notify2'
[2.254s] DEBUG:colcon.colcon_core.event_reactor:joined thread
[2.255s] INFO:colcon.colcon_core.shell:Creating prefix script '/home/andy/teleOp/telegrip/install/local_setup.ps1'
[2.256s] INFO:colcon.colcon_core.shell:Creating prefix util module '/home/andy/teleOp/telegrip/install/_local_setup_util_ps1.py'
[2.257s] INFO:colcon.colcon_core.shell:Creating prefix chain script '/home/andy/teleOp/telegrip/install/setup.ps1'
[2.258s] INFO:colcon.colcon_core.shell:Creating prefix script '/home/andy/teleOp/telegrip/install/local_setup.sh'
[2.259s] INFO:colcon.colcon_core.shell:Creating prefix util module '/home/andy/teleOp/telegrip/install/_local_setup_util_sh.py'
[2.259s] INFO:colcon.colcon_core.shell:Creating prefix chain script '/home/andy/teleOp/telegrip/install/setup.sh'
[2.260s] INFO:colcon.colcon_core.shell:Creating prefix script '/home/andy/teleOp/telegrip/install/local_setup.bash'
[2.260s] INFO:colcon.colcon_core.shell:Creating prefix chain script '/home/andy/teleOp/telegrip/install/setup.bash'
[2.261s] INFO:colcon.colcon_core.shell:Creating prefix script '/home/andy/teleOp/telegrip/install/local_setup.zsh'
[2.262s] INFO:colcon.colcon_core.shell:Creating prefix chain script '/home/andy/teleOp/telegrip/install/setup.zsh'
