-- Install configuration: ""
-- Execute custom install script
-- Up-to-date symlink: /home/andy/teleOp/telegrip/install/mega_robot_1st_urdf/share/mega_robot_1st_urdf/meshes/Head1.STL
-- Up-to-date symlink: /home/andy/teleOp/telegrip/install/mega_robot_1st_urdf/share/mega_robot_1st_urdf/meshes/Head2.STL
-- Up-to-date symlink: /home/andy/teleOp/telegrip/install/mega_robot_1st_urdf/share/mega_robot_1st_urdf/meshes/Left_link1.STL
-- Up-to-date symlink: /home/andy/teleOp/telegrip/install/mega_robot_1st_urdf/share/mega_robot_1st_urdf/meshes/Left_link2.STL
-- Up-to-date symlink: /home/andy/teleOp/telegrip/install/mega_robot_1st_urdf/share/mega_robot_1st_urdf/meshes/Left_link3.STL
-- Up-to-date symlink: /home/andy/teleOp/telegrip/install/mega_robot_1st_urdf/share/mega_robot_1st_urdf/meshes/Left_link4.STL
-- Up-to-date symlink: /home/andy/teleOp/telegrip/install/mega_robot_1st_urdf/share/mega_robot_1st_urdf/meshes/Left_link5.STL
-- Up-to-date symlink: /home/andy/teleOp/telegrip/install/mega_robot_1st_urdf/share/mega_robot_1st_urdf/meshes/Left_link6.STL
-- Up-to-date symlink: /home/andy/teleOp/telegrip/install/mega_robot_1st_urdf/share/mega_robot_1st_urdf/meshes/Left_link7.STL
-- Up-to-date symlink: /home/andy/teleOp/telegrip/install/mega_robot_1st_urdf/share/mega_robot_1st_urdf/meshes/Right_link1.STL
-- Up-to-date symlink: /home/andy/teleOp/telegrip/install/mega_robot_1st_urdf/share/mega_robot_1st_urdf/meshes/Right_link2.STL
-- Up-to-date symlink: /home/andy/teleOp/telegrip/install/mega_robot_1st_urdf/share/mega_robot_1st_urdf/meshes/Right_link3.STL
-- Up-to-date symlink: /home/andy/teleOp/telegrip/install/mega_robot_1st_urdf/share/mega_robot_1st_urdf/meshes/Right_link4.STL
-- Up-to-date symlink: /home/andy/teleOp/telegrip/install/mega_robot_1st_urdf/share/mega_robot_1st_urdf/meshes/Right_link5.STL
-- Up-to-date symlink: /home/andy/teleOp/telegrip/install/mega_robot_1st_urdf/share/mega_robot_1st_urdf/meshes/Right_link6.STL
-- Up-to-date symlink: /home/andy/teleOp/telegrip/install/mega_robot_1st_urdf/share/mega_robot_1st_urdf/meshes/Right_link7.STL
-- Up-to-date symlink: /home/andy/teleOp/telegrip/install/mega_robot_1st_urdf/share/mega_robot_1st_urdf/meshes/base_link.STL
-- Up-to-date symlink: /home/andy/teleOp/telegrip/install/mega_robot_1st_urdf/share/mega_robot_1st_urdf/meshes/trunk1.STL
-- Up-to-date symlink: /home/andy/teleOp/telegrip/install/mega_robot_1st_urdf/share/mega_robot_1st_urdf/meshes/trunk2.STL
-- Up-to-date symlink: /home/andy/teleOp/telegrip/install/mega_robot_1st_urdf/share/mega_robot_1st_urdf/meshes/trunk3.STL
-- Up-to-date symlink: /home/andy/teleOp/telegrip/install/mega_robot_1st_urdf/share/mega_robot_1st_urdf/urdf/whole_robot.csv
-- Up-to-date symlink: /home/andy/teleOp/telegrip/install/mega_robot_1st_urdf/share/mega_robot_1st_urdf/urdf/whole_robot.urdf
-- Up-to-date symlink: /home/andy/teleOp/telegrip/install/mega_robot_1st_urdf/share/mega_robot_1st_urdf/urdf/whole_robot.urdf.backup
-- Up-to-date symlink: /home/andy/teleOp/telegrip/install/mega_robot_1st_urdf/share/mega_robot_1st_urdf/urdf/whole_robot_moveit.urdf
-- Up-to-date symlink: /home/andy/teleOp/telegrip/install/mega_robot_1st_urdf/share/mega_robot_1st_urdf/urdf/whole_robot_withhand.urdf
-- Up-to-date symlink: /home/andy/teleOp/telegrip/install/mega_robot_1st_urdf/share/mega_robot_1st_urdf/launch/display.launch.py
-- Up-to-date symlink: /home/andy/teleOp/telegrip/install/mega_robot_1st_urdf/share/mega_robot_1st_urdf/launch/gazebo.launch.py
-- Up-to-date symlink: /home/andy/teleOp/telegrip/install/mega_robot_1st_urdf/share/mega_robot_1st_urdf/rviz/mega_robot_1st.rviz
-- Up-to-date symlink: /home/andy/teleOp/telegrip/install/mega_robot_1st_urdf/share/ament_index/resource_index/package_run_dependencies/mega_robot_1st_urdf
-- Up-to-date symlink: /home/andy/teleOp/telegrip/install/mega_robot_1st_urdf/share/ament_index/resource_index/parent_prefix_path/mega_robot_1st_urdf
-- Up-to-date symlink: /home/andy/teleOp/telegrip/install/mega_robot_1st_urdf/share/mega_robot_1st_urdf/environment/ament_prefix_path.sh
-- Up-to-date symlink: /home/andy/teleOp/telegrip/install/mega_robot_1st_urdf/share/mega_robot_1st_urdf/environment/ament_prefix_path.dsv
-- Up-to-date symlink: /home/andy/teleOp/telegrip/install/mega_robot_1st_urdf/share/mega_robot_1st_urdf/environment/path.sh
-- Up-to-date symlink: /home/andy/teleOp/telegrip/install/mega_robot_1st_urdf/share/mega_robot_1st_urdf/environment/path.dsv
-- Up-to-date symlink: /home/andy/teleOp/telegrip/install/mega_robot_1st_urdf/share/mega_robot_1st_urdf/local_setup.bash
-- Up-to-date symlink: /home/andy/teleOp/telegrip/install/mega_robot_1st_urdf/share/mega_robot_1st_urdf/local_setup.sh
-- Up-to-date symlink: /home/andy/teleOp/telegrip/install/mega_robot_1st_urdf/share/mega_robot_1st_urdf/local_setup.zsh
-- Up-to-date symlink: /home/andy/teleOp/telegrip/install/mega_robot_1st_urdf/share/mega_robot_1st_urdf/local_setup.dsv
-- Symlinking: /home/andy/teleOp/telegrip/install/mega_robot_1st_urdf/share/mega_robot_1st_urdf/package.dsv
-- Up-to-date symlink: /home/andy/teleOp/telegrip/install/mega_robot_1st_urdf/share/ament_index/resource_index/packages/mega_robot_1st_urdf
-- Up-to-date symlink: /home/andy/teleOp/telegrip/install/mega_robot_1st_urdf/share/mega_robot_1st_urdf/cmake/mega_robot_1st_urdfConfig.cmake
-- Up-to-date symlink: /home/andy/teleOp/telegrip/install/mega_robot_1st_urdf/share/mega_robot_1st_urdf/cmake/mega_robot_1st_urdfConfig-version.cmake
-- Up-to-date symlink: /home/andy/teleOp/telegrip/install/mega_robot_1st_urdf/share/mega_robot_1st_urdf/package.xml
