running egg_info
creating ../build/vr_input_bridge/vr_input_bridge.egg-info
writing ../build/vr_input_bridge/vr_input_bridge.egg-info/PKG-INFO
writing dependency_links to ../build/vr_input_bridge/vr_input_bridge.egg-info/dependency_links.txt
writing entry points to ../build/vr_input_bridge/vr_input_bridge.egg-info/entry_points.txt
writing requirements to ../build/vr_input_bridge/vr_input_bridge.egg-info/requires.txt
writing top-level names to ../build/vr_input_bridge/vr_input_bridge.egg-info/top_level.txt
writing manifest file '../build/vr_input_bridge/vr_input_bridge.egg-info/SOURCES.txt'
reading manifest file '../build/vr_input_bridge/vr_input_bridge.egg-info/SOURCES.txt'
writing manifest file '../build/vr_input_bridge/vr_input_bridge.egg-info/SOURCES.txt'
running build
running build_py
creating /home/andy/teleOp/telegrip/build/vr_input_bridge/build
creating /home/andy/teleOp/telegrip/build/vr_input_bridge/build/lib
creating /home/andy/teleOp/telegrip/build/vr_input_bridge/build/lib/vr_input_bridge
copying vr_input_bridge/heading_calibrator.py -> /home/andy/teleOp/telegrip/build/vr_input_bridge/build/lib/vr_input_bridge
copying vr_input_bridge/__init__.py -> /home/andy/teleOp/telegrip/build/vr_input_bridge/build/lib/vr_input_bridge
copying vr_input_bridge/https_server.py -> /home/andy/teleOp/telegrip/build/vr_input_bridge/build/lib/vr_input_bridge
copying vr_input_bridge/vr_ws_server.py -> /home/andy/teleOp/telegrip/build/vr_input_bridge/build/lib/vr_input_bridge
copying vr_input_bridge/input_adapter.py -> /home/andy/teleOp/telegrip/build/vr_input_bridge/build/lib/vr_input_bridge
copying vr_input_bridge/ros2_bridge.py -> /home/andy/teleOp/telegrip/build/vr_input_bridge/build/lib/vr_input_bridge
copying vr_input_bridge/main.py -> /home/andy/teleOp/telegrip/build/vr_input_bridge/build/lib/vr_input_bridge
copying vr_input_bridge/utils.py -> /home/andy/teleOp/telegrip/build/vr_input_bridge/build/lib/vr_input_bridge
copying vr_input_bridge/config.py -> /home/andy/teleOp/telegrip/build/vr_input_bridge/build/lib/vr_input_bridge
running install
running install_lib
creating /home/andy/teleOp/telegrip/install/vr_input_bridge/lib/python3.10/site-packages/vr_input_bridge
copying /home/andy/teleOp/telegrip/build/vr_input_bridge/build/lib/vr_input_bridge/heading_calibrator.py -> /home/andy/teleOp/telegrip/install/vr_input_bridge/lib/python3.10/site-packages/vr_input_bridge
copying /home/andy/teleOp/telegrip/build/vr_input_bridge/build/lib/vr_input_bridge/__init__.py -> /home/andy/teleOp/telegrip/install/vr_input_bridge/lib/python3.10/site-packages/vr_input_bridge
copying /home/andy/teleOp/telegrip/build/vr_input_bridge/build/lib/vr_input_bridge/https_server.py -> /home/andy/teleOp/telegrip/install/vr_input_bridge/lib/python3.10/site-packages/vr_input_bridge
copying /home/andy/teleOp/telegrip/build/vr_input_bridge/build/lib/vr_input_bridge/vr_ws_server.py -> /home/andy/teleOp/telegrip/install/vr_input_bridge/lib/python3.10/site-packages/vr_input_bridge
copying /home/andy/teleOp/telegrip/build/vr_input_bridge/build/lib/vr_input_bridge/input_adapter.py -> /home/andy/teleOp/telegrip/install/vr_input_bridge/lib/python3.10/site-packages/vr_input_bridge
copying /home/andy/teleOp/telegrip/build/vr_input_bridge/build/lib/vr_input_bridge/ros2_bridge.py -> /home/andy/teleOp/telegrip/install/vr_input_bridge/lib/python3.10/site-packages/vr_input_bridge
copying /home/andy/teleOp/telegrip/build/vr_input_bridge/build/lib/vr_input_bridge/main.py -> /home/andy/teleOp/telegrip/install/vr_input_bridge/lib/python3.10/site-packages/vr_input_bridge
copying /home/andy/teleOp/telegrip/build/vr_input_bridge/build/lib/vr_input_bridge/utils.py -> /home/andy/teleOp/telegrip/install/vr_input_bridge/lib/python3.10/site-packages/vr_input_bridge
copying /home/andy/teleOp/telegrip/build/vr_input_bridge/build/lib/vr_input_bridge/config.py -> /home/andy/teleOp/telegrip/install/vr_input_bridge/lib/python3.10/site-packages/vr_input_bridge
byte-compiling /home/andy/teleOp/telegrip/install/vr_input_bridge/lib/python3.10/site-packages/vr_input_bridge/heading_calibrator.py to heading_calibrator.cpython-310.pyc
byte-compiling /home/andy/teleOp/telegrip/install/vr_input_bridge/lib/python3.10/site-packages/vr_input_bridge/__init__.py to __init__.cpython-310.pyc
byte-compiling /home/andy/teleOp/telegrip/install/vr_input_bridge/lib/python3.10/site-packages/vr_input_bridge/https_server.py to https_server.cpython-310.pyc
byte-compiling /home/andy/teleOp/telegrip/install/vr_input_bridge/lib/python3.10/site-packages/vr_input_bridge/vr_ws_server.py to vr_ws_server.cpython-310.pyc
byte-compiling /home/andy/teleOp/telegrip/install/vr_input_bridge/lib/python3.10/site-packages/vr_input_bridge/input_adapter.py to input_adapter.cpython-310.pyc
byte-compiling /home/andy/teleOp/telegrip/install/vr_input_bridge/lib/python3.10/site-packages/vr_input_bridge/ros2_bridge.py to ros2_bridge.cpython-310.pyc
byte-compiling /home/andy/teleOp/telegrip/install/vr_input_bridge/lib/python3.10/site-packages/vr_input_bridge/main.py to main.cpython-310.pyc
byte-compiling /home/andy/teleOp/telegrip/install/vr_input_bridge/lib/python3.10/site-packages/vr_input_bridge/utils.py to utils.cpython-310.pyc
byte-compiling /home/andy/teleOp/telegrip/install/vr_input_bridge/lib/python3.10/site-packages/vr_input_bridge/config.py to config.cpython-310.pyc
running install_data
creating /home/andy/teleOp/telegrip/install/vr_input_bridge/share/ament_index
creating /home/andy/teleOp/telegrip/install/vr_input_bridge/share/ament_index/resource_index
creating /home/andy/teleOp/telegrip/install/vr_input_bridge/share/ament_index/resource_index/packages
copying resource/vr_input_bridge -> /home/andy/teleOp/telegrip/install/vr_input_bridge/share/ament_index/resource_index/packages
copying package.xml -> /home/andy/teleOp/telegrip/install/vr_input_bridge/share/vr_input_bridge
creating /home/andy/teleOp/telegrip/install/vr_input_bridge/share/vr_input_bridge/launch
copying launch/vr_input_bridge.launch.py -> /home/andy/teleOp/telegrip/install/vr_input_bridge/share/vr_input_bridge/launch
copying launch/vr_input_with_calibrator.launch.py -> /home/andy/teleOp/telegrip/install/vr_input_bridge/share/vr_input_bridge/launch
copying launch/vr_input_full.launch.py -> /home/andy/teleOp/telegrip/install/vr_input_bridge/share/vr_input_bridge/launch
creating /home/andy/teleOp/telegrip/install/vr_input_bridge/share/vr_input_bridge/web-ui
copying web-ui/index.html -> /home/andy/teleOp/telegrip/install/vr_input_bridge/share/vr_input_bridge/web-ui
copying web-ui/styles.css -> /home/andy/teleOp/telegrip/install/vr_input_bridge/share/vr_input_bridge/web-ui
copying web-ui/interface.js -> /home/andy/teleOp/telegrip/install/vr_input_bridge/share/vr_input_bridge/web-ui
copying web-ui/vr_app.js -> /home/andy/teleOp/telegrip/install/vr_input_bridge/share/vr_input_bridge/web-ui
copying web-ui/aframe.min.js -> /home/andy/teleOp/telegrip/install/vr_input_bridge/share/vr_input_bridge/web-ui
running install_egg_info
Copying ../build/vr_input_bridge/vr_input_bridge.egg-info to /home/andy/teleOp/telegrip/install/vr_input_bridge/lib/python3.10/site-packages/vr_input_bridge-0.1.0-py3.10.egg-info
running install_scripts
Installing vr_heading_calibrator script to /home/andy/teleOp/telegrip/install/vr_input_bridge/lib/vr_input_bridge
Installing vr_input_bridge script to /home/andy/teleOp/telegrip/install/vr_input_bridge/lib/vr_input_bridge
Installing vr_teleop_input_adapter script to /home/andy/teleOp/telegrip/install/vr_input_bridge/lib/vr_input_bridge
writing list of installed files to '/home/andy/teleOp/telegrip/build/vr_input_bridge/install.log'
