[0.011s] Invoking command in '/home/andy/teleOp/telegrip/build/mega_robot_1st_moveit_config': CMAKE_PREFIX_PATH=/home/andy/teleOp/telegrip/install/mega_robot_1st_urdf:/home/andy/teleOp/telegrip/install/mega_robot_1st_moveit_config:/home/andy/ros2_ws/install/my_robot_bringup:/home/andy/ros2_ws/install/my_robot_moveit_config:/home/andy/ros2_ws/install/my_robot_commander_cpp:/home/andy/ros2_ws/install/my_robot_interfaces:/home/andy/ros2_ws/install/my_robot_description:/home/andy/ros2_ws/src/install/my_robot_commander_cpp:/opt/ros/humble CONDA_PROMPT_MODIFIER=(teleop) /usr/bin/cmake --build /home/andy/teleOp/telegrip/build/mega_robot_1st_moveit_config -- -j32 -l32
[0.033s] -- Found ament_cmake: 1.3.12 (/opt/ros/humble/share/ament_cmake/cmake)
[0.129s] -- Override CMake install command with custom implementation using symlinks instead of copying resources
[0.141s] -- Found ament_lint_auto: 0.12.14 (/opt/ros/humble/share/ament_lint_auto/cmake)
[0.201s] -- Added test 'copyright' to check source files copyright and LICENSE
[0.203s] -- Added test 'flake8' to check Python code syntax and style conventions
[0.203s] -- Added test 'lint_cmake' to check CMake code style
[0.203s] -- Added test 'pep257' to check Python code against some of the docstring style conventions in PEP 257
[0.204s] -- Added test 'xmllint' to check XML markup files
[0.205s] -- Configuring done
[0.208s] -- Generating done
[0.209s] -- Build files have been written to: /home/andy/teleOp/telegrip/build/mega_robot_1st_moveit_config
[0.225s] Invoked command in '/home/andy/teleOp/telegrip/build/mega_robot_1st_moveit_config' returned '0': CMAKE_PREFIX_PATH=/home/andy/teleOp/telegrip/install/mega_robot_1st_urdf:/home/andy/teleOp/telegrip/install/mega_robot_1st_moveit_config:/home/andy/ros2_ws/install/my_robot_bringup:/home/andy/ros2_ws/install/my_robot_moveit_config:/home/andy/ros2_ws/install/my_robot_commander_cpp:/home/andy/ros2_ws/install/my_robot_interfaces:/home/andy/ros2_ws/install/my_robot_description:/home/andy/ros2_ws/src/install/my_robot_commander_cpp:/opt/ros/humble CONDA_PROMPT_MODIFIER=(teleop) /usr/bin/cmake --build /home/andy/teleOp/telegrip/build/mega_robot_1st_moveit_config -- -j32 -l32
[0.235s] Invoking command in '/home/andy/teleOp/telegrip/build/mega_robot_1st_moveit_config': CMAKE_PREFIX_PATH=/home/andy/teleOp/telegrip/install/mega_robot_1st_urdf:/home/andy/teleOp/telegrip/install/mega_robot_1st_moveit_config:/home/andy/ros2_ws/install/my_robot_bringup:/home/andy/ros2_ws/install/my_robot_moveit_config:/home/andy/ros2_ws/install/my_robot_commander_cpp:/home/andy/ros2_ws/install/my_robot_interfaces:/home/andy/ros2_ws/install/my_robot_description:/home/andy/ros2_ws/src/install/my_robot_commander_cpp:/opt/ros/humble CONDA_PROMPT_MODIFIER=(teleop) /usr/bin/cmake --install /home/andy/teleOp/telegrip/build/mega_robot_1st_moveit_config
[0.242s] -- Install configuration: ""
[0.242s] -- Execute custom install script
[0.243s] -- Up-to-date symlink: /home/andy/teleOp/telegrip/install/mega_robot_1st_moveit_config/share/mega_robot_1st_moveit_config/config/joint_limits.yaml
[0.243s] -- Up-to-date symlink: /home/andy/teleOp/telegrip/install/mega_robot_1st_moveit_config/share/mega_robot_1st_moveit_config/config/kinematics.yaml
[0.243s] -- Up-to-date symlink: /home/andy/teleOp/telegrip/install/mega_robot_1st_moveit_config/share/mega_robot_1st_moveit_config/config/moveit_controllers.yaml
[0.243s] -- Up-to-date symlink: /home/andy/teleOp/telegrip/install/mega_robot_1st_moveit_config/share/mega_robot_1st_moveit_config/config/ompl_planning.yaml
[0.243s] -- Up-to-date symlink: /home/andy/teleOp/telegrip/install/mega_robot_1st_moveit_config/share/mega_robot_1st_moveit_config/config/vr_to_moveit_bridge.yaml
[0.243s] -- Up-to-date symlink: /home/andy/teleOp/telegrip/install/mega_robot_1st_moveit_config/share/mega_robot_1st_moveit_config/launch/__pycache__/moveit_rviz.launch.cpython-310.pyc
[0.243s] -- Symlinking: /home/andy/teleOp/telegrip/install/mega_robot_1st_moveit_config/share/mega_robot_1st_moveit_config/launch/__pycache__/teleop_dual_arm.launch.cpython-310.pyc
[0.251s] -- Up-to-date symlink: /home/andy/teleOp/telegrip/install/mega_robot_1st_moveit_config/share/mega_robot_1st_moveit_config/launch/moveit_rviz.launch.py
[0.251s] -- Up-to-date symlink: /home/andy/teleOp/telegrip/install/mega_robot_1st_moveit_config/share/mega_robot_1st_moveit_config/launch/teleop_dual_arm.launch.py
[0.251s] -- Up-to-date symlink: /home/andy/teleOp/telegrip/install/mega_robot_1st_moveit_config/share/mega_robot_1st_moveit_config/rviz/mega_robot_dual_arm.rviz
[0.251s] -- Up-to-date symlink: /home/andy/teleOp/telegrip/install/mega_robot_1st_moveit_config/share/mega_robot_1st_moveit_config/srdf/mega_robot_1st.srdf
[0.252s] -- Up-to-date symlink: /home/andy/teleOp/telegrip/install/mega_robot_1st_moveit_config/share/mega_robot_1st_moveit_config/urdf/whole_robot_moveit_display.urdf
[0.252s] -- Up-to-date symlink: /home/andy/teleOp/telegrip/install/mega_robot_1st_moveit_config/share/ament_index/resource_index/package_run_dependencies/mega_robot_1st_moveit_config
[0.252s] -- Up-to-date symlink: /home/andy/teleOp/telegrip/install/mega_robot_1st_moveit_config/share/ament_index/resource_index/parent_prefix_path/mega_robot_1st_moveit_config
[0.252s] -- Up-to-date symlink: /home/andy/teleOp/telegrip/install/mega_robot_1st_moveit_config/share/mega_robot_1st_moveit_config/environment/ament_prefix_path.sh
[0.252s] -- Up-to-date symlink: /home/andy/teleOp/telegrip/install/mega_robot_1st_moveit_config/share/mega_robot_1st_moveit_config/environment/ament_prefix_path.dsv
[0.252s] -- Up-to-date symlink: /home/andy/teleOp/telegrip/install/mega_robot_1st_moveit_config/share/mega_robot_1st_moveit_config/environment/path.sh
[0.252s] -- Up-to-date symlink: /home/andy/teleOp/telegrip/install/mega_robot_1st_moveit_config/share/mega_robot_1st_moveit_config/environment/path.dsv
[0.252s] -- Up-to-date symlink: /home/andy/teleOp/telegrip/install/mega_robot_1st_moveit_config/share/mega_robot_1st_moveit_config/local_setup.bash
[0.252s] -- Up-to-date symlink: /home/andy/teleOp/telegrip/install/mega_robot_1st_moveit_config/share/mega_robot_1st_moveit_config/local_setup.sh
[0.252s] -- Up-to-date symlink: /home/andy/teleOp/telegrip/install/mega_robot_1st_moveit_config/share/mega_robot_1st_moveit_config/local_setup.zsh
[0.253s] -- Up-to-date symlink: /home/andy/teleOp/telegrip/install/mega_robot_1st_moveit_config/share/mega_robot_1st_moveit_config/local_setup.dsv
[0.253s] -- Symlinking: /home/andy/teleOp/telegrip/install/mega_robot_1st_moveit_config/share/mega_robot_1st_moveit_config/package.dsv
[0.260s] -- Up-to-date symlink: /home/andy/teleOp/telegrip/install/mega_robot_1st_moveit_config/share/ament_index/resource_index/packages/mega_robot_1st_moveit_config
[0.261s] -- Up-to-date symlink: /home/andy/teleOp/telegrip/install/mega_robot_1st_moveit_config/share/mega_robot_1st_moveit_config/cmake/mega_robot_1st_moveit_configConfig.cmake
[0.261s] -- Up-to-date symlink: /home/andy/teleOp/telegrip/install/mega_robot_1st_moveit_config/share/mega_robot_1st_moveit_config/cmake/mega_robot_1st_moveit_configConfig-version.cmake
[0.261s] -- Up-to-date symlink: /home/andy/teleOp/telegrip/install/mega_robot_1st_moveit_config/share/mega_robot_1st_moveit_config/package.xml
[0.262s] Invoked command in '/home/andy/teleOp/telegrip/build/mega_robot_1st_moveit_config' returned '0': CMAKE_PREFIX_PATH=/home/andy/teleOp/telegrip/install/mega_robot_1st_urdf:/home/andy/teleOp/telegrip/install/mega_robot_1st_moveit_config:/home/andy/ros2_ws/install/my_robot_bringup:/home/andy/ros2_ws/install/my_robot_moveit_config:/home/andy/ros2_ws/install/my_robot_commander_cpp:/home/andy/ros2_ws/install/my_robot_interfaces:/home/andy/ros2_ws/install/my_robot_description:/home/andy/ros2_ws/src/install/my_robot_commander_cpp:/opt/ros/humble CONDA_PROMPT_MODIFIER=(teleop) /usr/bin/cmake --install /home/andy/teleOp/telegrip/build/mega_robot_1st_moveit_config
